#
# There is insufficient memory for the Java Runtime Environment to continue.
# Native memory allocation (malloc) failed to allocate 1145296 bytes for Chunk::new
# Possible reasons:
#   The system is out of physical RAM or swap space
#   The process is running with CompressedOops enabled, and the Java Heap may be blocking the growth of the native heap
# Possible solutions:
#   Reduce memory load on the system
#   Increase physical memory or swap space
#   Check if swap backing store is full
#   Decrease Java heap size (-Xmx/-Xms)
#   Decrease number of Java threads
#   Decrease Java thread stack sizes (-Xss)
#   Set larger code cache with -XX:ReservedCodeCacheSize=
#   JVM is running with Unscaled Compressed Oops mode in which the Java heap is
#     placed in the first 4GB address space. The Java Heap base address is the
#     maximum limit for the native heap growth. Please use -XX:HeapBaseMinAddress
#     to set the Java Heap base and to place the Java Heap above 4GB virtual address.
# This output file may be truncated or incomplete.
#
#  Out of Memory Error (./src/hotspot/share/memory/arena.cpp:197), pid=23216, tid=28976
#
# JRE version: OpenJDK Runtime Environment (11.0.13) (build 11.0.13+0-b1751.21-8125866)
# Java VM: OpenJDK 64-Bit Server VM (11.0.13+0-b1751.21-8125866, mixed mode, tiered, compressed oops, g1 gc, windows-amd64)
# No core dump will be written. Minidumps are not enabled by default on client versions of Windows
#

---------------  S U M M A R Y ------------

Command Line: --add-opens=java.base/java.util=ALL-UNNAMED --add-opens=java.base/java.lang=ALL-UNNAMED --add-opens=java.base/java.lang.invoke=ALL-UNNAMED --add-opens=java.base/java.util=ALL-UNNAMED --add-opens=java.prefs/java.util.prefs=ALL-UNNAMED --add-opens=java.prefs/java.util.prefs=ALL-UNNAMED --add-opens=java.base/java.nio.charset=ALL-UNNAMED --add-opens=java.base/java.net=ALL-UNNAMED --add-opens=java.base/java.util.concurrent.atomic=ALL-UNNAMED -Xmx2048m -Dfile.encoding=UTF-8 -Duser.country=US -Duser.language=en -Duser.variant org.gradle.launcher.daemon.bootstrap.GradleDaemon 7.4

Host: Intel(R) Core(TM) i7-10510U CPU @ 1.80GHz, 8 cores, 7G,  Windows 10 , 64 bit Build 19041 (10.0.19041.1889)
Time: Thu Nov  3 16:20:20 2022 Central Daylight Time elapsed time: 23.463470 seconds (0d 0h 0m 23s)

---------------  T H R E A D  ---------------

Current thread (0x00000231b3c2d000):  JavaThread "C2 CompilerThread0" daemon [_thread_in_native, id=28976, stack(0x000000397eb00000,0x000000397ec00000)]


Current CompileTask:
C2:  23463 7072       4       java.beans.Introspector::addMethod (196 bytes)

Stack: [0x000000397eb00000,0x000000397ec00000]
Native frames: (J=compiled Java code, j=interpreted, Vv=VM code, C=native code)
V  [jvm.dll+0x6100fa]
V  [jvm.dll+0x747090]
V  [jvm.dll+0x7486ad]
V  [jvm.dll+0x748d83]
V  [jvm.dll+0x24ab48]
V  [jvm.dll+0xc04dc]
V  [jvm.dll+0xc0a0c]
V  [jvm.dll+0x2bfab4]
V  [jvm.dll+0x524238]
V  [jvm.dll+0x204802]
V  [jvm.dll+0x2023c2]
V  [jvm.dll+0x188e01]
V  [jvm.dll+0x21106b]
V  [jvm.dll+0x20f8c1]
V  [jvm.dll+0x70de0f]
V  [jvm.dll+0x706a75]
V  [jvm.dll+0x60ed66]
C  [ucrtbase.dll+0x21bb2]
C  [KERNEL32.DLL+0x17034]
C  [ntdll.dll+0x526a1]


---------------  P R O C E S S  ---------------

Threads class SMR info:
_java_thread_list=0x00000231b8f362a0, length=122, elements={
0x000002319861c800, 0x00000231b32a1000, 0x00000231b32a4800, 0x00000231b3c24800,
0x00000231b3c25800, 0x00000231b3c28000, 0x00000231b3c2d000, 0x00000231b3c31800,
0x00000231b3c33000, 0x00000231b3d7e000, 0x00000231b637c000, 0x00000231b3e9d800,
0x00000231b55c8000, 0x00000231b5cd4800, 0x00000231b54ff800, 0x00000231b5b60000,
0x00000231b5cb3000, 0x00000231b5500000, 0x00000231b673c800, 0x00000231b64ca800,
0x00000231b5caa800, 0x00000231b5ca9000, 0x00000231b5cab800, 0x00000231b5ca5800,
0x00000231b5caa000, 0x00000231b5cac000, 0x00000231b5ca6800, 0x00000231b5ca7800,
0x00000231b5ca8000, 0x00000231b6027800, 0x00000231b602b800, 0x00000231b602c800,
0x00000231b602a000, 0x00000231b602b000, 0x00000231b66b7800, 0x00000231b66b3800,
0x00000231b66ba000, 0x00000231b66b9800, 0x00000231b66b4800, 0x00000231b66b8800,
0x00000231b66bb000, 0x00000231b66b7000, 0x00000231b66b5000, 0x00000231b66bb800,
0x00000231b66b6000, 0x00000231b66c1800, 0x00000231b66be000, 0x00000231b66c2800,
0x00000231b66bc800, 0x00000231b66bd800, 0x00000231b66bf000, 0x00000231b66c0000,
0x00000231b66c0800, 0x00000231b764f800, 0x00000231b7650000, 0x00000231b7651800,
0x00000231b764c000, 0x00000231b7651000, 0x00000231b7652800, 0x00000231b764d800,
0x00000231b764d000, 0x00000231b764e800, 0x00000231b7657800, 0x00000231b7658800,
0x00000231b7656000, 0x00000231b7653800, 0x00000231b7656800, 0x00000231b7659000,
0x00000231b765a000, 0x00000231b7654000, 0x00000231b7655000, 0x00000231b765a800,
0x00000231b6429000, 0x00000231b6425800, 0x00000231b642a800, 0x00000231b6429800,
0x00000231b6427000, 0x00000231b6426800, 0x00000231b642c000, 0x00000231b642d000,
0x00000231b642e000, 0x00000231b642b800, 0x00000231b6428000, 0x00000231b642f800,
0x00000231b6432000, 0x00000231b6432800, 0x00000231b642e800, 0x00000231b6430000,
0x00000231b6433800, 0x00000231b6431000, 0x00000231b6434800, 0x00000231b6d53800,
0x00000231b6d51000, 0x00000231b6d54000, 0x00000231b6d51800, 0x00000231b6d55000,
0x00000231b6d55800, 0x00000231b6d56800, 0x00000231b6d57800, 0x00000231b6d58000,
0x00000231b6d52800, 0x00000231b6d5d000, 0x00000231b6d5e800, 0x00000231b6d5a800,
0x00000231b6d5b800, 0x00000231b6d5c000, 0x00000231b6d5e000, 0x00000231b6d5a000,
0x00000231b6d59000, 0x00000231b6d5f800, 0x00000231b653c000, 0x00000231b653e000,
0x00000231b6539800, 0x00000231b653c800, 0x00000231b653d800, 0x00000231b653f000,
0x00000231b6540000, 0x00000231b653a000, 0x00000231b6540800, 0x00000231b653b000,
0x00000231b6544000, 0x00000231b6546800
}

Java Threads: ( => current thread )
  0x000002319861c800 JavaThread "main" [_thread_blocked, id=6548, stack(0x000000397df00000,0x000000397e000000)]
  0x00000231b32a1000 JavaThread "Reference Handler" daemon [_thread_blocked, id=14912, stack(0x000000397e600000,0x000000397e700000)]
  0x00000231b32a4800 JavaThread "Finalizer" daemon [_thread_blocked, id=3256, stack(0x000000397e700000,0x000000397e800000)]
  0x00000231b3c24800 JavaThread "Signal Dispatcher" daemon [_thread_blocked, id=24868, stack(0x000000397e800000,0x000000397e900000)]
  0x00000231b3c25800 JavaThread "Attach Listener" daemon [_thread_blocked, id=29456, stack(0x000000397e900000,0x000000397ea00000)]
  0x00000231b3c28000 JavaThread "Service Thread" daemon [_thread_blocked, id=27424, stack(0x000000397ea00000,0x000000397eb00000)]
=>0x00000231b3c2d000 JavaThread "C2 CompilerThread0" daemon [_thread_in_native, id=28976, stack(0x000000397eb00000,0x000000397ec00000)]
  0x00000231b3c31800 JavaThread "C1 CompilerThread0" daemon [_thread_blocked, id=24960, stack(0x000000397ec00000,0x000000397ed00000)]
  0x00000231b3c33000 JavaThread "Sweeper thread" daemon [_thread_blocked, id=29220, stack(0x000000397ed00000,0x000000397ee00000)]
  0x00000231b3d7e000 JavaThread "Common-Cleaner" daemon [_thread_blocked, id=21408, stack(0x000000397ee00000,0x000000397ef00000)]
  0x00000231b637c000 JavaThread "Daemon health stats" [_thread_blocked, id=32708, stack(0x000000397f400000,0x000000397f500000)]
  0x00000231b3e9d800 JavaThread "Incoming local TCP Connector on port 64588" [_thread_in_native, id=32212, stack(0x000000397f000000,0x000000397f100000)]
  0x00000231b55c8000 JavaThread "Daemon periodic checks" [_thread_blocked, id=25236, stack(0x000000397f300000,0x000000397f400000)]
  0x00000231b5cd4800 JavaThread "Daemon" [_thread_blocked, id=2748, stack(0x000000397f500000,0x000000397f600000)]
  0x00000231b54ff800 JavaThread "Handler for socket connection from /127.0.0.1:64588 to /127.0.0.1:64589" [_thread_in_native, id=30484, stack(0x000000397f600000,0x000000397f700000)]
  0x00000231b5b60000 JavaThread "Cancel handler" [_thread_blocked, id=15436, stack(0x000000397f700000,0x000000397f800000)]
  0x00000231b5cb3000 JavaThread "Daemon worker" [_thread_in_Java, id=20600, stack(0x000000397f800000,0x000000397f900000)]
  0x00000231b5500000 JavaThread "Asynchronous log dispatcher for DefaultDaemonConnection: socket connection from /127.0.0.1:64588 to /127.0.0.1:64589" [_thread_blocked, id=27820, stack(0x000000397f900000,0x000000397fa00000)]
  0x00000231b673c800 JavaThread "Stdin handler" [_thread_blocked, id=14108, stack(0x000000397fa00000,0x000000397fb00000)]
  0x00000231b64ca800 JavaThread "Daemon client event forwarder" [_thread_blocked, id=4292, stack(0x000000397fb00000,0x000000397fc00000)]
  0x00000231b5caa800 JavaThread "Cache worker for journal cache (C:\Users\mtbed\.gradle\caches\journal-1)" [_thread_blocked, id=19580, stack(0x0000003900100000,0x0000003900200000)]
  0x00000231b5ca9000 JavaThread "File lock request listener" [_thread_in_native, id=23708, stack(0x0000003900200000,0x0000003900300000)]
  0x00000231b5cab800 JavaThread "Cache worker for file hash cache (C:\Users\mtbed\.gradle\caches\7.4\fileHashes)" [_thread_blocked, id=18680, stack(0x0000003900300000,0x0000003900400000)]
  0x00000231b5ca5800 JavaThread "File watcher server" daemon [_thread_in_native, id=20748, stack(0x0000003900600000,0x0000003900700000)]
  0x00000231b5caa000 JavaThread "File watcher consumer" daemon [_thread_blocked, id=23408, stack(0x0000003900700000,0x0000003900800000)]
  0x00000231b5cac000 JavaThread "Cache worker for checksums cache (C:\Users\mtbed\Desktop\ProjectTry2\.gradle\7.4\checksums)" [_thread_blocked, id=32348, stack(0x0000003900800000,0x0000003900900000)]
  0x00000231b5ca6800 JavaThread "Cache worker for cache directory md-rule (C:\Users\mtbed\.gradle\caches\7.4\md-rule)" [_thread_blocked, id=25476, stack(0x0000003900900000,0x0000003900a00000)]
  0x00000231b5ca7800 JavaThread "Cache worker for file hash cache (C:\Users\mtbed\Desktop\ProjectTry2\.gradle\7.4\fileHashes)" [_thread_blocked, id=5680, stack(0x0000003900a00000,0x0000003900b00000)]
  0x00000231b5ca8000 JavaThread "Cache worker for cache directory md-supplier (C:\Users\mtbed\.gradle\caches\7.4\md-supplier)" [_thread_blocked, id=26172, stack(0x0000003900b00000,0x0000003900c00000)]
  0x00000231b6027800 JavaThread "Cache worker for execution history cache (C:\Users\mtbed\.gradle\caches\7.4\executionHistory)" [_thread_blocked, id=9080, stack(0x0000003900c00000,0x0000003900d00000)]
  0x00000231b602b800 JavaThread "jar transforms" [_thread_blocked, id=13496, stack(0x0000003900d00000,0x0000003900e00000)]
  0x00000231b602c800 JavaThread "Cache worker for file content cache (C:\Users\mtbed\.gradle\caches\7.4\fileContent)" [_thread_blocked, id=32256, stack(0x0000003900e00000,0x0000003900f00000)]
  0x00000231b602a000 JavaThread "jar transforms Thread 2" [_thread_blocked, id=27588, stack(0x0000003900f00000,0x0000003901000000)]
  0x00000231b602b000 JavaThread "Cache worker for dependencies-accessors (C:\Users\mtbed\Desktop\ProjectTry2\.gradle\7.4\dependencies-accessors)" [_thread_blocked, id=11500, stack(0x0000003901000000,0x0000003901100000)]
  0x00000231b66b7800 JavaThread "jar transforms Thread 3" [_thread_blocked, id=23924, stack(0x0000003901100000,0x0000003901200000)]
  0x00000231b66b3800 JavaThread "Cache worker for Build Output Cleanup Cache (C:\Users\mtbed\Desktop\ProjectTry2\.gradle\buildOutputCleanup)" [_thread_blocked, id=32172, stack(0x0000003900500000,0x0000003900600000)]
  0x00000231b66ba000 JavaThread "Unconstrained build operations" [_thread_blocked, id=28772, stack(0x0000003901300000,0x0000003901400000)]
  0x00000231b66b9800 JavaThread "Unconstrained build operations Thread 2" [_thread_blocked, id=16116, stack(0x0000003901400000,0x0000003901500000)]
  0x00000231b66b4800 JavaThread "Unconstrained build operations Thread 3" [_thread_blocked, id=27400, stack(0x0000003901500000,0x0000003901600000)]
  0x00000231b66b8800 JavaThread "Unconstrained build operations Thread 4" [_thread_blocked, id=7432, stack(0x0000003901600000,0x0000003901700000)]
  0x00000231b66bb000 JavaThread "Unconstrained build operations Thread 5" [_thread_blocked, id=30168, stack(0x0000003901700000,0x0000003901800000)]
  0x00000231b66b7000 JavaThread "Unconstrained build operations Thread 6" [_thread_blocked, id=32500, stack(0x0000003901800000,0x0000003901900000)]
  0x00000231b66b5000 JavaThread "Unconstrained build operations Thread 7" [_thread_blocked, id=30440, stack(0x0000003901900000,0x0000003901a00000)]
  0x00000231b66bb800 JavaThread "Unconstrained build operations Thread 8" [_thread_blocked, id=24496, stack(0x0000003901a00000,0x0000003901b00000)]
  0x00000231b66b6000 JavaThread "Unconstrained build operations Thread 9" [_thread_blocked, id=11752, stack(0x0000003901b00000,0x0000003901c00000)]
  0x00000231b66c1800 JavaThread "Unconstrained build operations Thread 10" [_thread_blocked, id=22368, stack(0x0000003901c00000,0x0000003901d00000)]
  0x00000231b66be000 JavaThread "Unconstrained build operations Thread 11" [_thread_blocked, id=8004, stack(0x0000003901d00000,0x0000003901e00000)]
  0x00000231b66c2800 JavaThread "Unconstrained build operations Thread 12" [_thread_blocked, id=17456, stack(0x0000003901e00000,0x0000003901f00000)]
  0x00000231b66bc800 JavaThread "Unconstrained build operations Thread 13" [_thread_blocked, id=15604, stack(0x0000003901f00000,0x0000003902000000)]
  0x00000231b66bd800 JavaThread "Unconstrained build operations Thread 14" [_thread_blocked, id=10720, stack(0x0000003902000000,0x0000003902100000)]
  0x00000231b66bf000 JavaThread "Unconstrained build operations Thread 15" [_thread_blocked, id=27456, stack(0x0000003902100000,0x0000003902200000)]
  0x00000231b66c0000 JavaThread "Unconstrained build operations Thread 16" [_thread_blocked, id=11304, stack(0x0000003902200000,0x0000003902300000)]
  0x00000231b66c0800 JavaThread "Unconstrained build operations Thread 17" [_thread_blocked, id=21212, stack(0x0000003902300000,0x0000003902400000)]
  0x00000231b764f800 JavaThread "Unconstrained build operations Thread 18" [_thread_blocked, id=30304, stack(0x0000003902400000,0x0000003902500000)]
  0x00000231b7650000 JavaThread "Unconstrained build operations Thread 19" [_thread_blocked, id=13696, stack(0x0000003902500000,0x0000003902600000)]
  0x00000231b7651800 JavaThread "Unconstrained build operations Thread 20" [_thread_blocked, id=22592, stack(0x0000003902600000,0x0000003902700000)]
  0x00000231b764c000 JavaThread "Unconstrained build operations Thread 21" [_thread_blocked, id=10852, stack(0x0000003902700000,0x0000003902800000)]
  0x00000231b7651000 JavaThread "Unconstrained build operations Thread 22" [_thread_blocked, id=23176, stack(0x0000003902800000,0x0000003902900000)]
  0x00000231b7652800 JavaThread "Unconstrained build operations Thread 23" [_thread_blocked, id=21244, stack(0x0000003902900000,0x0000003902a00000)]
  0x00000231b764d800 JavaThread "Unconstrained build operations Thread 24" [_thread_blocked, id=17752, stack(0x0000003902a00000,0x0000003902b00000)]
  0x00000231b764d000 JavaThread "Unconstrained build operations Thread 25" [_thread_blocked, id=31216, stack(0x0000003902b00000,0x0000003902c00000)]
  0x00000231b764e800 JavaThread "Unconstrained build operations Thread 26" [_thread_blocked, id=18900, stack(0x0000003902c00000,0x0000003902d00000)]
  0x00000231b7657800 JavaThread "Unconstrained build operations Thread 27" [_thread_blocked, id=22880, stack(0x0000003902d00000,0x0000003902e00000)]
  0x00000231b7658800 JavaThread "Unconstrained build operations Thread 28" [_thread_blocked, id=11428, stack(0x0000003902e00000,0x0000003902f00000)]
  0x00000231b7656000 JavaThread "Unconstrained build operations Thread 29" [_thread_blocked, id=12972, stack(0x0000003902f00000,0x0000003903000000)]
  0x00000231b7653800 JavaThread "Unconstrained build operations Thread 30" [_thread_blocked, id=18740, stack(0x0000003903000000,0x0000003903100000)]
  0x00000231b7656800 JavaThread "Unconstrained build operations Thread 31" [_thread_blocked, id=29124, stack(0x0000003903100000,0x0000003903200000)]
  0x00000231b7659000 JavaThread "Unconstrained build operations Thread 32" [_thread_blocked, id=22520, stack(0x0000003903200000,0x0000003903300000)]
  0x00000231b765a000 JavaThread "Unconstrained build operations Thread 33" [_thread_blocked, id=18532, stack(0x0000003903300000,0x0000003903400000)]
  0x00000231b7654000 JavaThread "Unconstrained build operations Thread 34" [_thread_blocked, id=22552, stack(0x0000003903400000,0x0000003903500000)]
  0x00000231b7655000 JavaThread "Unconstrained build operations Thread 35" [_thread_blocked, id=32128, stack(0x0000003903500000,0x0000003903600000)]
  0x00000231b765a800 JavaThread "Unconstrained build operations Thread 36" [_thread_blocked, id=30512, stack(0x0000003903600000,0x0000003903700000)]
  0x00000231b6429000 JavaThread "Unconstrained build operations Thread 37" [_thread_blocked, id=25820, stack(0x0000003903700000,0x0000003903800000)]
  0x00000231b6425800 JavaThread "Unconstrained build operations Thread 38" [_thread_blocked, id=10736, stack(0x0000003903800000,0x0000003903900000)]
  0x00000231b642a800 JavaThread "Unconstrained build operations Thread 39" [_thread_blocked, id=26780, stack(0x0000003903900000,0x0000003903a00000)]
  0x00000231b6429800 JavaThread "Unconstrained build operations Thread 40" [_thread_blocked, id=16788, stack(0x0000003903a00000,0x0000003903b00000)]
  0x00000231b6427000 JavaThread "Unconstrained build operations Thread 41" [_thread_blocked, id=30744, stack(0x0000003903b00000,0x0000003903c00000)]
  0x00000231b6426800 JavaThread "Unconstrained build operations Thread 42" [_thread_blocked, id=22860, stack(0x0000003903c00000,0x0000003903d00000)]
  0x00000231b642c000 JavaThread "Unconstrained build operations Thread 43" [_thread_blocked, id=27996, stack(0x0000003903d00000,0x0000003903e00000)]
  0x00000231b642d000 JavaThread "Unconstrained build operations Thread 44" [_thread_blocked, id=24408, stack(0x0000003903e00000,0x0000003903f00000)]
  0x00000231b642e000 JavaThread "Unconstrained build operations Thread 45" [_thread_blocked, id=30236, stack(0x0000003903f00000,0x0000003904000000)]
  0x00000231b642b800 JavaThread "Unconstrained build operations Thread 46" [_thread_blocked, id=16580, stack(0x0000003904000000,0x0000003904100000)]
  0x00000231b6428000 JavaThread "Unconstrained build operations Thread 47" [_thread_blocked, id=26348, stack(0x0000003904100000,0x0000003904200000)]
  0x00000231b642f800 JavaThread "Unconstrained build operations Thread 48" [_thread_blocked, id=28608, stack(0x0000003904200000,0x0000003904300000)]
  0x00000231b6432000 JavaThread "Unconstrained build operations Thread 49" [_thread_blocked, id=23940, stack(0x0000003904300000,0x0000003904400000)]
  0x00000231b6432800 JavaThread "Unconstrained build operations Thread 50" [_thread_blocked, id=24592, stack(0x0000003904400000,0x0000003904500000)]
  0x00000231b642e800 JavaThread "Unconstrained build operations Thread 51" [_thread_blocked, id=31668, stack(0x0000003904500000,0x0000003904600000)]
  0x00000231b6430000 JavaThread "Unconstrained build operations Thread 52" [_thread_blocked, id=25932, stack(0x0000003904600000,0x0000003904700000)]
  0x00000231b6433800 JavaThread "Unconstrained build operations Thread 53" [_thread_blocked, id=29800, stack(0x0000003904700000,0x0000003904800000)]
  0x00000231b6431000 JavaThread "Unconstrained build operations Thread 54" [_thread_blocked, id=21880, stack(0x0000003904800000,0x0000003904900000)]
  0x00000231b6434800 JavaThread "Unconstrained build operations Thread 55" [_thread_blocked, id=29184, stack(0x0000003904900000,0x0000003904a00000)]
  0x00000231b6d53800 JavaThread "Unconstrained build operations Thread 56" [_thread_blocked, id=19608, stack(0x0000003904a00000,0x0000003904b00000)]
  0x00000231b6d51000 JavaThread "Unconstrained build operations Thread 57" [_thread_blocked, id=11868, stack(0x0000003904b00000,0x0000003904c00000)]
  0x00000231b6d54000 JavaThread "Unconstrained build operations Thread 58" [_thread_blocked, id=11100, stack(0x0000003904c00000,0x0000003904d00000)]
  0x00000231b6d51800 JavaThread "Unconstrained build operations Thread 59" [_thread_blocked, id=30108, stack(0x0000003904d00000,0x0000003904e00000)]
  0x00000231b6d55000 JavaThread "Unconstrained build operations Thread 60" [_thread_blocked, id=19144, stack(0x0000003904e00000,0x0000003904f00000)]
  0x00000231b6d55800 JavaThread "Unconstrained build operations Thread 61" [_thread_blocked, id=10352, stack(0x0000003904f00000,0x0000003905000000)]
  0x00000231b6d56800 JavaThread "Unconstrained build operations Thread 62" [_thread_blocked, id=20352, stack(0x0000003905000000,0x0000003905100000)]
  0x00000231b6d57800 JavaThread "Unconstrained build operations Thread 63" [_thread_blocked, id=28312, stack(0x0000003905100000,0x0000003905200000)]
  0x00000231b6d58000 JavaThread "Unconstrained build operations Thread 64" [_thread_blocked, id=32244, stack(0x0000003905200000,0x0000003905300000)]
  0x00000231b6d52800 JavaThread "Unconstrained build operations Thread 65" [_thread_blocked, id=7976, stack(0x0000003905300000,0x0000003905400000)]
  0x00000231b6d5d000 JavaThread "Unconstrained build operations Thread 66" [_thread_blocked, id=15872, stack(0x0000003905400000,0x0000003905500000)]
  0x00000231b6d5e800 JavaThread "Unconstrained build operations Thread 67" [_thread_blocked, id=22976, stack(0x0000003905500000,0x0000003905600000)]
  0x00000231b6d5a800 JavaThread "Unconstrained build operations Thread 68" [_thread_blocked, id=2104, stack(0x0000003905600000,0x0000003905700000)]
  0x00000231b6d5b800 JavaThread "Unconstrained build operations Thread 69" [_thread_blocked, id=25560, stack(0x0000003905700000,0x0000003905800000)]
  0x00000231b6d5c000 JavaThread "Unconstrained build operations Thread 70" [_thread_blocked, id=28688, stack(0x0000003905800000,0x0000003905900000)]
  0x00000231b6d5e000 JavaThread "Unconstrained build operations Thread 71" [_thread_blocked, id=24908, stack(0x0000003905900000,0x0000003905a00000)]
  0x00000231b6d5a000 JavaThread "Unconstrained build operations Thread 72" [_thread_blocked, id=14320, stack(0x0000003905a00000,0x0000003905b00000)]
  0x00000231b6d59000 JavaThread "Unconstrained build operations Thread 73" [_thread_blocked, id=18160, stack(0x0000003905b00000,0x0000003905c00000)]
  0x00000231b6d5f800 JavaThread "Unconstrained build operations Thread 74" [_thread_blocked, id=4824, stack(0x0000003905c00000,0x0000003905d00000)]
  0x00000231b653c000 JavaThread "Unconstrained build operations Thread 75" [_thread_blocked, id=9720, stack(0x0000003905d00000,0x0000003905e00000)]
  0x00000231b653e000 JavaThread "Unconstrained build operations Thread 76" [_thread_blocked, id=12892, stack(0x0000003905e00000,0x0000003905f00000)]
  0x00000231b6539800 JavaThread "Unconstrained build operations Thread 77" [_thread_blocked, id=11744, stack(0x0000003905f00000,0x0000003906000000)]
  0x00000231b653c800 JavaThread "Unconstrained build operations Thread 78" [_thread_blocked, id=23772, stack(0x0000003906000000,0x0000003906100000)]
  0x00000231b653d800 JavaThread "Unconstrained build operations Thread 79" [_thread_blocked, id=11324, stack(0x0000003906100000,0x0000003906200000)]
  0x00000231b653f000 JavaThread "Unconstrained build operations Thread 80" [_thread_blocked, id=25280, stack(0x0000003906200000,0x0000003906300000)]
  0x00000231b6540000 JavaThread "jar transforms Thread 4" [_thread_blocked, id=32568, stack(0x0000003906300000,0x0000003906400000)]
  0x00000231b653a000 JavaThread "jar transforms Thread 5" [_thread_blocked, id=32232, stack(0x0000003906400000,0x0000003906500000)]
  0x00000231b6540800 JavaThread "jar transforms Thread 6" [_thread_blocked, id=6944, stack(0x0000003906500000,0x0000003906600000)]
  0x00000231b653b000 JavaThread "jar transforms Thread 7" [_thread_blocked, id=11360, stack(0x0000003906600000,0x0000003906700000)]
  0x00000231b6544000 JavaThread "jar transforms Thread 8" [_thread_blocked, id=18408, stack(0x0000003906700000,0x0000003906800000)]
  0x00000231b6546800 JavaThread "Memory manager" [_thread_blocked, id=30204, stack(0x0000003901200000,0x0000003901300000)]

Other Threads:
  0x00000231b329d000 VMThread "VM Thread" [stack: 0x000000397e500000,0x000000397e600000] [id=27888]
  0x00000231b3d9e800 WatcherThread [stack: 0x000000397ef00000,0x000000397f000000] [id=28964]
  0x0000023198635000 GCTaskThread "GC Thread#0" [stack: 0x000000397e000000,0x000000397e100000] [id=22828]
  0x00000231b4b1e000 GCTaskThread "GC Thread#1" [stack: 0x000000397f100000,0x000000397f200000] [id=17184]
  0x00000231b456b000 GCTaskThread "GC Thread#2" [stack: 0x000000397f200000,0x000000397f300000] [id=17812]
  0x00000231b5e1c000 GCTaskThread "GC Thread#3" [stack: 0x000000397fc00000,0x000000397fd00000] [id=4668]
  0x00000231b4e32000 GCTaskThread "GC Thread#4" [stack: 0x000000397fd00000,0x000000397fe00000] [id=12088]
  0x00000231b4e04800 GCTaskThread "GC Thread#5" [stack: 0x000000397fe00000,0x000000397ff00000] [id=2040]
  0x00000231b5603000 GCTaskThread "GC Thread#6" [stack: 0x000000397ff00000,0x0000003980000000] [id=15568]
  0x00000231b68f7000 GCTaskThread "GC Thread#7" [stack: 0x0000003900000000,0x0000003900100000] [id=29792]
  0x0000023198666800 ConcurrentGCThread "G1 Main Marker" [stack: 0x000000397e100000,0x000000397e200000] [id=32588]
  0x0000023198668000 ConcurrentGCThread "G1 Conc#0" [stack: 0x000000397e200000,0x000000397e300000] [id=30668]
  0x00000231b4fa4000 ConcurrentGCThread "G1 Conc#1" [stack: 0x0000003900400000,0x0000003900500000] [id=17376]
  0x00000231b30f0800 ConcurrentGCThread "G1 Refine#0" [stack: 0x000000397e300000,0x000000397e400000] [id=19264]
  0x00000231b30f1000 ConcurrentGCThread "G1 Young RemSet Sampling" [stack: 0x000000397e400000,0x000000397e500000] [id=16652]

Threads with active compile tasks:
C2 CompilerThread0  23529 7072       4       java.beans.Introspector::addMethod (196 bytes)

VM state:not at safepoint (normal execution)

VM Mutex/Monitor currently owned by a thread: None

Heap address: 0x0000000080000000, size: 2048 MB, Compressed Oops mode: 32-bit
Narrow klass base: 0x0000000000000000, Narrow klass shift: 3
Compressed class space size: 1073741824 Address: 0x0000000100000000

Heap:
 garbage-first heap   total 155648K, used 85396K [0x0000000080000000, 0x0000000100000000)
  region size 1024K, 36 young (36864K), 5 survivors (5120K)
 Metaspace       used 71335K, capacity 72919K, committed 73124K, reserved 1112064K
  class space    used 9197K, capacity 9843K, committed 9856K, reserved 1048576K
Heap Regions: E=young(eden), S=young(survivor), O=old, HS=humongous(starts), HC=humongous(continues), CS=collection set, F=free, A=archive, TAMS=top-at-mark-start (previous, next)
|   0|0x0000000080000000, 0x0000000080100000, 0x0000000080100000|100%| O|  |TAMS 0x0000000080100000, 0x0000000080000000| Untracked 
|   1|0x0000000080100000, 0x0000000080200000, 0x0000000080200000|100%| O|  |TAMS 0x0000000080200000, 0x0000000080100000| Untracked 
|   2|0x0000000080200000, 0x0000000080300000, 0x0000000080300000|100%| O|  |TAMS 0x0000000080300000, 0x0000000080200000| Untracked 
|   3|0x0000000080300000, 0x0000000080400000, 0x0000000080400000|100%|HS|  |TAMS 0x0000000080400000, 0x0000000080300000| Complete 
|   4|0x0000000080400000, 0x0000000080500000, 0x0000000080500000|100%|HC|  |TAMS 0x0000000080500000, 0x0000000080400000| Complete 
|   5|0x0000000080500000, 0x0000000080600000, 0x0000000080600000|100%|HC|  |TAMS 0x0000000080600000, 0x0000000080500000| Complete 
|   6|0x0000000080600000, 0x0000000080700000, 0x0000000080700000|100%| O|  |TAMS 0x0000000080700000, 0x0000000080600000| Untracked 
|   7|0x0000000080700000, 0x0000000080800000, 0x0000000080800000|100%| O|  |TAMS 0x0000000080800000, 0x0000000080700000| Untracked 
|   8|0x0000000080800000, 0x0000000080900000, 0x0000000080900000|100%| O|  |TAMS 0x0000000080900000, 0x0000000080800000| Untracked 
|   9|0x0000000080900000, 0x0000000080a00000, 0x0000000080a00000|100%| O|  |TAMS 0x0000000080a00000, 0x0000000080900000| Untracked 
|  10|0x0000000080a00000, 0x0000000080b00000, 0x0000000080b00000|100%| O|  |TAMS 0x0000000080b00000, 0x0000000080a00000| Untracked 
|  11|0x0000000080b00000, 0x0000000080c00000, 0x0000000080c00000|100%| O|  |TAMS 0x0000000080c00000, 0x0000000080b00000| Untracked 
|  12|0x0000000080c00000, 0x0000000080d00000, 0x0000000080d00000|100%| O|  |TAMS 0x0000000080d00000, 0x0000000080c00000| Untracked 
|  13|0x0000000080d00000, 0x0000000080e00000, 0x0000000080e00000|100%| O|  |TAMS 0x0000000080e00000, 0x0000000080d00000| Untracked 
|  14|0x0000000080e00000, 0x0000000080f00000, 0x0000000080f00000|100%| O|  |TAMS 0x0000000080f00000, 0x0000000080e00000| Untracked 
|  15|0x0000000080f00000, 0x0000000081000000, 0x0000000081000000|100%| O|  |TAMS 0x0000000081000000, 0x0000000080f00000| Untracked 
|  16|0x0000000081000000, 0x0000000081100000, 0x0000000081100000|100%|HS|  |TAMS 0x0000000081100000, 0x0000000081000000| Complete 
|  17|0x0000000081100000, 0x0000000081200000, 0x0000000081200000|100%| O|  |TAMS 0x0000000081200000, 0x0000000081100000| Untracked 
|  18|0x0000000081200000, 0x0000000081300000, 0x0000000081300000|100%| O|  |TAMS 0x0000000081300000, 0x0000000081200000| Untracked 
|  19|0x0000000081300000, 0x0000000081400000, 0x0000000081400000|100%| O|  |TAMS 0x0000000081400000, 0x0000000081300000| Untracked 
|  20|0x0000000081400000, 0x0000000081500000, 0x0000000081500000|100%| O|  |TAMS 0x0000000081500000, 0x0000000081400000| Untracked 
|  21|0x0000000081500000, 0x0000000081600000, 0x0000000081600000|100%| O|  |TAMS 0x0000000081600000, 0x0000000081500000| Untracked 
|  22|0x0000000081600000, 0x0000000081700000, 0x0000000081700000|100%| O|  |TAMS 0x0000000081700000, 0x0000000081600000| Untracked 
|  23|0x0000000081700000, 0x0000000081800000, 0x0000000081800000|100%| O|  |TAMS 0x0000000081800000, 0x0000000081700000| Untracked 
|  24|0x0000000081800000, 0x0000000081900000, 0x0000000081900000|100%| O|  |TAMS 0x0000000081900000, 0x0000000081800000| Untracked 
|  25|0x0000000081900000, 0x0000000081a00000, 0x0000000081a00000|100%| O|  |TAMS 0x0000000081a00000, 0x0000000081900000| Untracked 
|  26|0x0000000081a00000, 0x0000000081b00000, 0x0000000081b00000|100%| O|  |TAMS 0x0000000081b00000, 0x0000000081a00000| Untracked 
|  27|0x0000000081b00000, 0x0000000081c00000, 0x0000000081c00000|100%| O|  |TAMS 0x0000000081c00000, 0x0000000081b00000| Untracked 
|  28|0x0000000081c00000, 0x0000000081d00000, 0x0000000081d00000|100%|HS|  |TAMS 0x0000000081d00000, 0x0000000081c00000| Complete 
|  29|0x0000000081d00000, 0x0000000081e00000, 0x0000000081e00000|100%| O|  |TAMS 0x0000000081e00000, 0x0000000081d00000| Untracked 
|  30|0x0000000081e00000, 0x0000000081f00000, 0x0000000081f00000|100%|HS|  |TAMS 0x0000000081f00000, 0x0000000081e00000| Complete 
|  31|0x0000000081f00000, 0x0000000082000000, 0x0000000082000000|100%|HC|  |TAMS 0x0000000082000000, 0x0000000081f00000| Complete 
|  32|0x0000000082000000, 0x0000000082100000, 0x0000000082100000|100%| O|  |TAMS 0x0000000082100000, 0x0000000082000000| Untracked 
|  33|0x0000000082100000, 0x0000000082200000, 0x0000000082200000|100%| O|  |TAMS 0x0000000082200000, 0x0000000082100000| Untracked 
|  34|0x0000000082200000, 0x0000000082300000, 0x0000000082300000|100%| O|  |TAMS 0x0000000082300000, 0x0000000082200000| Untracked 
|  35|0x0000000082300000, 0x0000000082400000, 0x0000000082400000|100%| O|  |TAMS 0x0000000082400000, 0x0000000082300000| Untracked 
|  36|0x0000000082400000, 0x0000000082500000, 0x0000000082500000|100%| O|  |TAMS 0x0000000082500000, 0x0000000082400000| Untracked 
|  37|0x0000000082500000, 0x0000000082600000, 0x0000000082600000|100%| O|  |TAMS 0x0000000082600000, 0x0000000082500000| Untracked 
|  38|0x0000000082600000, 0x0000000082700000, 0x0000000082700000|100%| O|  |TAMS 0x0000000082700000, 0x0000000082600000| Untracked 
|  39|0x0000000082700000, 0x0000000082800000, 0x0000000082800000|100%| O|  |TAMS 0x0000000082800000, 0x0000000082700000| Untracked 
|  40|0x0000000082800000, 0x0000000082900000, 0x0000000082900000|100%| O|  |TAMS 0x0000000082871600, 0x0000000082800000| Untracked 
|  41|0x0000000082900000, 0x0000000082a00000, 0x0000000082a00000|100%| O|  |TAMS 0x0000000082900000, 0x0000000082900000| Untracked 
|  42|0x0000000082a00000, 0x0000000082b00000, 0x0000000082b00000|100%| O|  |TAMS 0x0000000082a00000, 0x0000000082a00000| Untracked 
|  43|0x0000000082b00000, 0x0000000082c00000, 0x0000000082c00000|100%| O|  |TAMS 0x0000000082b00000, 0x0000000082b00000| Untracked 
|  44|0x0000000082c00000, 0x0000000082d00000, 0x0000000082d00000|100%| O|  |TAMS 0x0000000082c00000, 0x0000000082c00000| Untracked 
|  45|0x0000000082d00000, 0x0000000082e00000, 0x0000000082e00000|100%| O|  |TAMS 0x0000000082d00000, 0x0000000082d00000| Untracked 
|  46|0x0000000082e00000, 0x0000000082f00000, 0x0000000082f00000|100%| O|  |TAMS 0x0000000082e00000, 0x0000000082e00000| Untracked 
|  47|0x0000000082f00000, 0x0000000083000000, 0x0000000083000000|100%| O|  |TAMS 0x0000000082f00000, 0x0000000082f00000| Untracked 
|  48|0x0000000083000000, 0x000000008306e600, 0x0000000083100000| 43%| O|  |TAMS 0x0000000083000000, 0x0000000083000000| Untracked 
|  49|0x0000000083100000, 0x0000000083100000, 0x0000000083200000|  0%| F|  |TAMS 0x0000000083100000, 0x0000000083100000| Untracked 
|  50|0x0000000083200000, 0x0000000083200000, 0x0000000083300000|  0%| F|  |TAMS 0x0000000083200000, 0x0000000083200000| Untracked 
|  51|0x0000000083300000, 0x0000000083300000, 0x0000000083400000|  0%| F|  |TAMS 0x0000000083300000, 0x0000000083300000| Untracked 
|  52|0x0000000083400000, 0x0000000083400000, 0x0000000083500000|  0%| F|  |TAMS 0x0000000083400000, 0x0000000083400000| Untracked 
|  53|0x0000000083500000, 0x0000000083500000, 0x0000000083600000|  0%| F|  |TAMS 0x0000000083500000, 0x0000000083500000| Untracked 
|  54|0x0000000083600000, 0x0000000083600000, 0x0000000083700000|  0%| F|  |TAMS 0x0000000083600000, 0x0000000083600000| Untracked 
|  55|0x0000000083700000, 0x0000000083700000, 0x0000000083800000|  0%| F|  |TAMS 0x0000000083700000, 0x0000000083700000| Untracked 
|  56|0x0000000083800000, 0x0000000083800000, 0x0000000083900000|  0%| F|  |TAMS 0x0000000083800000, 0x0000000083800000| Untracked 
|  57|0x0000000083900000, 0x0000000083900000, 0x0000000083a00000|  0%| F|  |TAMS 0x0000000083900000, 0x0000000083900000| Untracked 
|  58|0x0000000083a00000, 0x0000000083a00000, 0x0000000083b00000|  0%| F|  |TAMS 0x0000000083a00000, 0x0000000083a00000| Untracked 
|  59|0x0000000083b00000, 0x0000000083b00000, 0x0000000083c00000|  0%| F|  |TAMS 0x0000000083b00000, 0x0000000083b00000| Untracked 
|  60|0x0000000083c00000, 0x0000000083c00000, 0x0000000083d00000|  0%| F|  |TAMS 0x0000000083c00000, 0x0000000083c00000| Untracked 
|  61|0x0000000083d00000, 0x0000000083d00000, 0x0000000083e00000|  0%| F|  |TAMS 0x0000000083d00000, 0x0000000083d00000| Untracked 
|  62|0x0000000083e00000, 0x0000000083e00000, 0x0000000083f00000|  0%| F|  |TAMS 0x0000000083e00000, 0x0000000083e00000| Untracked 
|  63|0x0000000083f00000, 0x0000000083f00000, 0x0000000084000000|  0%| F|  |TAMS 0x0000000083f00000, 0x0000000083f00000| Untracked 
|  64|0x0000000084000000, 0x0000000084000000, 0x0000000084100000|  0%| F|  |TAMS 0x0000000084000000, 0x0000000084000000| Untracked 
|  65|0x0000000084100000, 0x0000000084100000, 0x0000000084200000|  0%| F|  |TAMS 0x0000000084100000, 0x0000000084100000| Untracked 
|  66|0x0000000084200000, 0x0000000084200000, 0x0000000084300000|  0%| F|  |TAMS 0x0000000084200000, 0x0000000084200000| Untracked 
|  67|0x0000000084300000, 0x0000000084300000, 0x0000000084400000|  0%| F|  |TAMS 0x0000000084300000, 0x0000000084300000| Untracked 
|  68|0x0000000084400000, 0x0000000084400000, 0x0000000084500000|  0%| F|  |TAMS 0x0000000084400000, 0x0000000084400000| Untracked 
|  69|0x0000000084500000, 0x0000000084500000, 0x0000000084600000|  0%| F|  |TAMS 0x0000000084500000, 0x0000000084500000| Untracked 
|  70|0x0000000084600000, 0x0000000084600000, 0x0000000084700000|  0%| F|  |TAMS 0x0000000084600000, 0x0000000084600000| Untracked 
|  71|0x0000000084700000, 0x0000000084700000, 0x0000000084800000|  0%| F|  |TAMS 0x0000000084700000, 0x0000000084700000| Untracked 
|  72|0x0000000084800000, 0x0000000084800000, 0x0000000084900000|  0%| F|  |TAMS 0x0000000084800000, 0x0000000084800000| Untracked 
|  73|0x0000000084900000, 0x0000000084900000, 0x0000000084a00000|  0%| F|  |TAMS 0x0000000084900000, 0x0000000084900000| Untracked 
|  74|0x0000000084a00000, 0x0000000084a00000, 0x0000000084b00000|  0%| F|  |TAMS 0x0000000084a00000, 0x0000000084a00000| Untracked 
|  75|0x0000000084b00000, 0x0000000084b00000, 0x0000000084c00000|  0%| F|  |TAMS 0x0000000084b00000, 0x0000000084b00000| Untracked 
|  76|0x0000000084c00000, 0x0000000084c00000, 0x0000000084d00000|  0%| F|  |TAMS 0x0000000084c00000, 0x0000000084c00000| Untracked 
|  77|0x0000000084d00000, 0x0000000084d00000, 0x0000000084e00000|  0%| F|  |TAMS 0x0000000084d00000, 0x0000000084d00000| Untracked 
|  78|0x0000000084e00000, 0x0000000084e00000, 0x0000000084f00000|  0%| F|  |TAMS 0x0000000084e00000, 0x0000000084e00000| Untracked 
|  79|0x0000000084f00000, 0x0000000084ff6cf0, 0x0000000085000000| 96%| S|CS|TAMS 0x0000000084f00000, 0x0000000084f00000| Complete 
|  80|0x0000000085000000, 0x0000000085100000, 0x0000000085100000|100%| S|CS|TAMS 0x0000000085000000, 0x0000000085000000| Complete 
|  81|0x0000000085100000, 0x0000000085200000, 0x0000000085200000|100%| S|CS|TAMS 0x0000000085100000, 0x0000000085100000| Complete 
|  82|0x0000000085200000, 0x0000000085300000, 0x0000000085300000|100%| S|CS|TAMS 0x0000000085200000, 0x0000000085200000| Complete 
|  83|0x0000000085300000, 0x0000000085400000, 0x0000000085400000|100%| S|CS|TAMS 0x0000000085300000, 0x0000000085300000| Complete 
|  84|0x0000000085400000, 0x0000000085400000, 0x0000000085500000|  0%| F|  |TAMS 0x0000000085400000, 0x0000000085400000| Untracked 
|  85|0x0000000085500000, 0x0000000085500000, 0x0000000085600000|  0%| F|  |TAMS 0x0000000085500000, 0x0000000085500000| Untracked 
|  86|0x0000000085600000, 0x0000000085600000, 0x0000000085700000|  0%| F|  |TAMS 0x0000000085600000, 0x0000000085600000| Untracked 
|  87|0x0000000085700000, 0x0000000085700000, 0x0000000085800000|  0%| F|  |TAMS 0x0000000085700000, 0x0000000085700000| Untracked 
|  88|0x0000000085800000, 0x0000000085800000, 0x0000000085900000|  0%| F|  |TAMS 0x0000000085800000, 0x0000000085800000| Untracked 
|  89|0x0000000085900000, 0x0000000085900000, 0x0000000085a00000|  0%| F|  |TAMS 0x0000000085900000, 0x0000000085900000| Untracked 
|  90|0x0000000085a00000, 0x0000000085a00000, 0x0000000085b00000|  0%| F|  |TAMS 0x0000000085a00000, 0x0000000085a00000| Untracked 
|  91|0x0000000085b00000, 0x0000000085b00000, 0x0000000085c00000|  0%| F|  |TAMS 0x0000000085b00000, 0x0000000085b00000| Untracked 
|  92|0x0000000085c00000, 0x0000000085c00000, 0x0000000085d00000|  0%| F|  |TAMS 0x0000000085c00000, 0x0000000085c00000| Untracked 
|  93|0x0000000085d00000, 0x0000000085d00000, 0x0000000085e00000|  0%| F|  |TAMS 0x0000000085d00000, 0x0000000085d00000| Untracked 
|  94|0x0000000085e00000, 0x0000000085e00000, 0x0000000085f00000|  0%| F|  |TAMS 0x0000000085e00000, 0x0000000085e00000| Untracked 
|  95|0x0000000085f00000, 0x0000000085f00000, 0x0000000086000000|  0%| F|  |TAMS 0x0000000085f00000, 0x0000000085f00000| Untracked 
|  96|0x0000000086000000, 0x0000000086000000, 0x0000000086100000|  0%| F|  |TAMS 0x0000000086000000, 0x0000000086000000| Untracked 
|  97|0x0000000086100000, 0x0000000086100000, 0x0000000086200000|  0%| F|  |TAMS 0x0000000086100000, 0x0000000086100000| Untracked 
|  98|0x0000000086200000, 0x0000000086200000, 0x0000000086300000|  0%| F|  |TAMS 0x0000000086200000, 0x0000000086200000| Untracked 
|  99|0x0000000086300000, 0x0000000086300000, 0x0000000086400000|  0%| F|  |TAMS 0x0000000086300000, 0x0000000086300000| Untracked 
| 100|0x0000000086400000, 0x0000000086400000, 0x0000000086500000|  0%| F|  |TAMS 0x0000000086400000, 0x0000000086400000| Untracked 
| 101|0x0000000086500000, 0x0000000086500000, 0x0000000086600000|  0%| F|  |TAMS 0x0000000086500000, 0x0000000086500000| Untracked 
| 102|0x0000000086600000, 0x0000000086600000, 0x0000000086700000|  0%| F|  |TAMS 0x0000000086600000, 0x0000000086600000| Untracked 
| 103|0x0000000086700000, 0x0000000086700000, 0x0000000086800000|  0%| F|  |TAMS 0x0000000086700000, 0x0000000086700000| Untracked 
| 104|0x0000000086800000, 0x0000000086800000, 0x0000000086900000|  0%| F|  |TAMS 0x0000000086800000, 0x0000000086800000| Untracked 
| 105|0x0000000086900000, 0x0000000086900000, 0x0000000086a00000|  0%| F|  |TAMS 0x0000000086900000, 0x0000000086900000| Untracked 
| 106|0x0000000086a00000, 0x0000000086a00000, 0x0000000086b00000|  0%| F|  |TAMS 0x0000000086a00000, 0x0000000086a00000| Untracked 
| 107|0x0000000086b00000, 0x0000000086b00000, 0x0000000086c00000|  0%| F|  |TAMS 0x0000000086b00000, 0x0000000086b00000| Untracked 
| 108|0x0000000086c00000, 0x0000000086c00000, 0x0000000086d00000|  0%| F|  |TAMS 0x0000000086c00000, 0x0000000086c00000| Untracked 
| 109|0x0000000086d00000, 0x0000000086d00000, 0x0000000086e00000|  0%| F|  |TAMS 0x0000000086d00000, 0x0000000086d00000| Untracked 
| 110|0x0000000086e00000, 0x0000000086e00000, 0x0000000086f00000|  0%| F|  |TAMS 0x0000000086e00000, 0x0000000086e00000| Untracked 
| 111|0x0000000086f00000, 0x0000000086f00000, 0x0000000087000000|  0%| F|  |TAMS 0x0000000086f00000, 0x0000000086f00000| Untracked 
| 112|0x0000000087000000, 0x0000000087000000, 0x0000000087100000|  0%| F|  |TAMS 0x0000000087000000, 0x0000000087000000| Untracked 
| 113|0x0000000087100000, 0x0000000087100000, 0x0000000087200000|  0%| F|  |TAMS 0x0000000087100000, 0x0000000087100000| Untracked 
| 114|0x0000000087200000, 0x0000000087200000, 0x0000000087300000|  0%| F|  |TAMS 0x0000000087200000, 0x0000000087200000| Untracked 
| 115|0x0000000087300000, 0x0000000087300000, 0x0000000087400000|  0%| F|  |TAMS 0x0000000087300000, 0x0000000087300000| Untracked 
| 116|0x0000000087400000, 0x0000000087400000, 0x0000000087500000|  0%| F|  |TAMS 0x0000000087400000, 0x0000000087400000| Untracked 
| 117|0x0000000087500000, 0x0000000087500000, 0x0000000087600000|  0%| F|  |TAMS 0x0000000087500000, 0x0000000087500000| Untracked 
| 118|0x0000000087600000, 0x0000000087600000, 0x0000000087700000|  0%| F|  |TAMS 0x0000000087600000, 0x0000000087600000| Untracked 
| 119|0x0000000087700000, 0x0000000087700000, 0x0000000087800000|  0%| F|  |TAMS 0x0000000087700000, 0x0000000087700000| Untracked 
| 120|0x0000000087800000, 0x0000000087800000, 0x0000000087900000|  0%| F|  |TAMS 0x0000000087800000, 0x0000000087800000| Untracked 
| 121|0x0000000087900000, 0x0000000087a00000, 0x0000000087a00000|100%| E|  |TAMS 0x0000000087900000, 0x0000000087900000| Complete 
| 122|0x0000000087a00000, 0x0000000087b00000, 0x0000000087b00000|100%| E|CS|TAMS 0x0000000087a00000, 0x0000000087a00000| Complete 
| 123|0x0000000087b00000, 0x0000000087c00000, 0x0000000087c00000|100%| E|CS|TAMS 0x0000000087b00000, 0x0000000087b00000| Complete 
| 124|0x0000000087c00000, 0x0000000087d00000, 0x0000000087d00000|100%| E|CS|TAMS 0x0000000087c00000, 0x0000000087c00000| Complete 
| 125|0x0000000087d00000, 0x0000000087e00000, 0x0000000087e00000|100%| E|CS|TAMS 0x0000000087d00000, 0x0000000087d00000| Complete 
| 126|0x0000000087e00000, 0x0000000087f00000, 0x0000000087f00000|100%| E|CS|TAMS 0x0000000087e00000, 0x0000000087e00000| Complete 
| 127|0x0000000087f00000, 0x0000000088000000, 0x0000000088000000|100%| E|CS|TAMS 0x0000000087f00000, 0x0000000087f00000| Complete 
| 128|0x0000000088000000, 0x0000000088100000, 0x0000000088100000|100%| E|CS|TAMS 0x0000000088000000, 0x0000000088000000| Complete 
| 129|0x0000000088100000, 0x0000000088200000, 0x0000000088200000|100%| E|CS|TAMS 0x0000000088100000, 0x0000000088100000| Complete 
| 130|0x0000000088200000, 0x0000000088300000, 0x0000000088300000|100%| E|CS|TAMS 0x0000000088200000, 0x0000000088200000| Complete 
| 131|0x0000000088300000, 0x0000000088400000, 0x0000000088400000|100%| E|CS|TAMS 0x0000000088300000, 0x0000000088300000| Complete 
| 132|0x0000000088400000, 0x0000000088500000, 0x0000000088500000|100%| E|CS|TAMS 0x0000000088400000, 0x0000000088400000| Complete 
| 133|0x0000000088500000, 0x0000000088600000, 0x0000000088600000|100%| E|CS|TAMS 0x0000000088500000, 0x0000000088500000| Complete 
| 134|0x0000000088600000, 0x0000000088700000, 0x0000000088700000|100%| E|CS|TAMS 0x0000000088600000, 0x0000000088600000| Complete 
| 135|0x0000000088700000, 0x0000000088800000, 0x0000000088800000|100%| E|CS|TAMS 0x0000000088700000, 0x0000000088700000| Complete 
| 136|0x0000000088800000, 0x0000000088900000, 0x0000000088900000|100%| E|CS|TAMS 0x0000000088800000, 0x0000000088800000| Complete 
| 137|0x0000000088900000, 0x0000000088a00000, 0x0000000088a00000|100%| E|CS|TAMS 0x0000000088900000, 0x0000000088900000| Complete 
| 138|0x0000000088a00000, 0x0000000088b00000, 0x0000000088b00000|100%| E|CS|TAMS 0x0000000088a00000, 0x0000000088a00000| Complete 
| 139|0x0000000088b00000, 0x0000000088c00000, 0x0000000088c00000|100%| E|CS|TAMS 0x0000000088b00000, 0x0000000088b00000| Complete 
| 140|0x0000000088c00000, 0x0000000088d00000, 0x0000000088d00000|100%| E|CS|TAMS 0x0000000088c00000, 0x0000000088c00000| Complete 
| 141|0x0000000088d00000, 0x0000000088e00000, 0x0000000088e00000|100%| E|CS|TAMS 0x0000000088d00000, 0x0000000088d00000| Complete 
| 142|0x0000000088e00000, 0x0000000088f00000, 0x0000000088f00000|100%| E|CS|TAMS 0x0000000088e00000, 0x0000000088e00000| Complete 
| 143|0x0000000088f00000, 0x0000000089000000, 0x0000000089000000|100%| E|CS|TAMS 0x0000000088f00000, 0x0000000088f00000| Complete 
| 144|0x0000000089000000, 0x0000000089100000, 0x0000000089100000|100%| E|CS|TAMS 0x0000000089000000, 0x0000000089000000| Complete 
| 145|0x0000000089100000, 0x0000000089200000, 0x0000000089200000|100%| E|CS|TAMS 0x0000000089100000, 0x0000000089100000| Complete 
| 146|0x0000000089200000, 0x0000000089300000, 0x0000000089300000|100%| E|CS|TAMS 0x0000000089200000, 0x0000000089200000| Complete 
| 147|0x0000000089300000, 0x0000000089400000, 0x0000000089400000|100%| E|CS|TAMS 0x0000000089300000, 0x0000000089300000| Complete 
| 148|0x0000000089400000, 0x0000000089500000, 0x0000000089500000|100%| E|CS|TAMS 0x0000000089400000, 0x0000000089400000| Complete 
| 149|0x0000000089500000, 0x0000000089600000, 0x0000000089600000|100%| E|CS|TAMS 0x0000000089500000, 0x0000000089500000| Complete 
| 150|0x0000000089600000, 0x0000000089700000, 0x0000000089700000|100%| E|CS|TAMS 0x0000000089600000, 0x0000000089600000| Complete 
| 151|0x0000000089700000, 0x0000000089800000, 0x0000000089800000|100%| E|CS|TAMS 0x0000000089700000, 0x0000000089700000| Complete 

Card table byte_map: [0x00000231abfb0000,0x00000231ac3b0000] _byte_map_base: 0x00000231abbb0000

Marking Bits (Prev, Next): (CMBitMap*) 0x000002319865db90, (CMBitMap*) 0x000002319865db58
 Prev Bits: [0x00000231ae7b0000, 0x00000231b07b0000)
 Next Bits: [0x00000231ac7b0000, 0x00000231ae7b0000)

Polling page: 0x0000023196dc0000

Metaspace:

Usage:
  Non-class:     61.60 MB capacity,    60.68 MB ( 99%) used,   762.09 KB (  1%) free+waste,   173.88 KB ( <1%) overhead. 
      Class:      9.61 MB capacity,     8.98 MB ( 93%) used,   563.93 KB (  6%) free+waste,    80.69 KB ( <1%) overhead. 
       Both:     71.21 MB capacity,    69.67 MB ( 98%) used,     1.29 MB (  2%) free+waste,   254.56 KB ( <1%) overhead. 

Virtual space:
  Non-class space:       62.00 MB reserved,      61.79 MB (>99%) committed 
      Class space:        1.00 GB reserved,       9.63 MB ( <1%) committed 
             Both:        1.06 GB reserved,      71.41 MB (  7%) committed 

Chunk freelists:
   Non-Class:  0 bytes
       Class:  13.00 KB
        Both:  13.00 KB

MaxMetaspaceSize: 17179869184.00 GB
CompressedClassSpaceSize: 1.00 GB
Initial GC threshold: 20.80 MB
Current GC threshold: 97.98 MB
CDS: off

CodeHeap 'non-profiled nmethods': size=120000Kb used=4233Kb max_used=4233Kb free=115766Kb
 bounds [0x00000231a3c10000, 0x00000231a4040000, 0x00000231ab140000]
CodeHeap 'profiled nmethods': size=120000Kb used=15070Kb max_used=15070Kb free=104929Kb
 bounds [0x000002319c6e0000, 0x000002319d5a0000, 0x00000231a3c10000]
CodeHeap 'non-nmethods': size=5760Kb used=2351Kb max_used=2399Kb free=3408Kb
 bounds [0x000002319c140000, 0x000002319c3b0000, 0x000002319c6e0000]
 total_blobs=7906 nmethods=7039 adapters=779
 compilation: enabled
              stopped_count=0, restarted_count=0
 full_count=0

Compilation events (20 events):
Event: 23.370 Thread 0x00000231b3c2d000 nmethod 7073 0x00000231a4030790 code [0x00000231a4030920, 0x00000231a4030b18]
Event: 23.370 Thread 0x00000231b3c2d000 7072       4       java.beans.Introspector::addMethod (196 bytes)
Event: 23.372 Thread 0x00000231b3c31800 7074       3       jdk.internal.reflect.ByteVectorImpl::put (27 bytes)
Event: 23.372 Thread 0x00000231b3c31800 nmethod 7074 0x000002319d586c10 code [0x000002319d586de0, 0x000002319d586fa8]
Event: 23.373 Thread 0x00000231b3c31800 7075       1       java.lang.reflect.AccessibleObject::isAccessible (5 bytes)
Event: 23.373 Thread 0x00000231b3c31800 nmethod 7075 0x00000231a4030c90 code [0x00000231a4030e40, 0x00000231a4030ef8]
Event: 23.383 Thread 0x00000231b3c31800 7079       3       org.gradle.internal.metaobject.DynamicInvokeResult::isFound (16 bytes)
Event: 23.383 Thread 0x00000231b3c31800 nmethod 7079 0x000002319d587110 code [0x000002319d5872c0, 0x000002319d587438]
Event: 23.404 Thread 0x00000231b3c31800 7080       3       java.lang.String::replace (149 bytes)
Event: 23.407 Thread 0x00000231b3c31800 nmethod 7080 0x000002319d587510 code [0x000002319d587860, 0x000002319d588ae8]
Event: 23.408 Thread 0x00000231b3c31800 7081       3       com.google.common.cache.LocalCache$LocalLoadingCache::get (9 bytes)
Event: 23.410 Thread 0x00000231b3c31800 nmethod 7081 0x000002319d589390 code [0x000002319d5895c0, 0x000002319d589bf8]
Event: 23.410 Thread 0x00000231b3c31800 7082       3       com.google.common.cache.LocalCache::getOrLoad (10 bytes)
Event: 23.410 Thread 0x00000231b3c31800 nmethod 7082 0x000002319d589f10 code [0x000002319d58a140, 0x000002319d58a718]
Event: 23.414 Thread 0x00000231b3c31800 7083       1       org.codehaus.groovy.runtime.metaclass.MetaClassRegistryImpl::getMetaClassCreationHandler (5 bytes)
Event: 23.415 Thread 0x00000231b3c31800 nmethod 7083 0x00000231a4030f90 code [0x00000231a4031140, 0x00000231a40311f8]
Event: 23.415 Thread 0x00000231b3c31800 7084       2       org.codehaus.groovy.util.ManagedReference::get (10 bytes)
Event: 23.415 Thread 0x00000231b3c31800 nmethod 7084 0x000002319d58aa10 code [0x000002319d58abc0, 0x000002319d58ace8]
Event: 23.438 Thread 0x00000231b3c31800 7086       3       java.lang.Class::getProtectionDomain (63 bytes)
Event: 23.439 Thread 0x00000231b3c31800 nmethod 7086 0x000002319d58ad90 code [0x000002319d58b000, 0x000002319d58b808]

GC Heap History (20 events):
Event: 3.240 GC heap before
{Heap before GC invocations=1 (full 0):
 garbage-first heap   total 129024K, used 84062K [0x0000000080000000, 0x0000000100000000)
  region size 1024K, 75 young (76800K), 3 survivors (3072K)
 Metaspace       used 17450K, capacity 17779K, committed 18048K, reserved 1064960K
  class space    used 2030K, capacity 2145K, committed 2176K, reserved 1048576K
}
Event: 3.252 GC heap after
{Heap after GC invocations=2 (full 0):
 garbage-first heap   total 129024K, used 15859K [0x0000000080000000, 0x0000000100000000)
  region size 1024K, 10 young (10240K), 10 survivors (10240K)
 Metaspace       used 17450K, capacity 17779K, committed 18048K, reserved 1064960K
  class space    used 2030K, capacity 2145K, committed 2176K, reserved 1048576K
}
Event: 3.719 GC heap before
{Heap before GC invocations=2 (full 0):
 garbage-first heap   total 129024K, used 46579K [0x0000000080000000, 0x0000000100000000)
  region size 1024K, 41 young (41984K), 10 survivors (10240K)
 Metaspace       used 20776K, capacity 21125K, committed 21296K, reserved 1069056K
  class space    used 2528K, capacity 2688K, committed 2688K, reserved 1048576K
}
Event: 3.730 GC heap after
{Heap after GC invocations=3 (full 0):
 garbage-first heap   total 129024K, used 17168K [0x0000000080000000, 0x0000000100000000)
  region size 1024K, 2 young (2048K), 2 survivors (2048K)
 Metaspace       used 20776K, capacity 21125K, committed 21296K, reserved 1069056K
  class space    used 2528K, capacity 2688K, committed 2688K, reserved 1048576K
}
Event: 4.771 GC heap before
{Heap before GC invocations=4 (full 0):
 garbage-first heap   total 129024K, used 79632K [0x0000000080000000, 0x0000000100000000)
  region size 1024K, 64 young (65536K), 2 survivors (2048K)
 Metaspace       used 27014K, capacity 27629K, committed 27824K, reserved 1073152K
  class space    used 3509K, capacity 3736K, committed 3840K, reserved 1048576K
}
Event: 4.775 GC heap after
{Heap after GC invocations=5 (full 0):
 garbage-first heap   total 129024K, used 19022K [0x0000000080000000, 0x0000000100000000)
  region size 1024K, 4 young (4096K), 4 survivors (4096K)
 Metaspace       used 27014K, capacity 27629K, committed 27824K, reserved 1073152K
  class space    used 3509K, capacity 3736K, committed 3840K, reserved 1048576K
}
Event: 5.820 GC heap before
{Heap before GC invocations=5 (full 0):
 garbage-first heap   total 129024K, used 70222K [0x0000000080000000, 0x0000000100000000)
  region size 1024K, 55 young (56320K), 4 survivors (4096K)
 Metaspace       used 34802K, capacity 35609K, committed 35708K, reserved 1081344K
  class space    used 4466K, capacity 4780K, committed 4864K, reserved 1048576K
}
Event: 5.833 GC heap after
{Heap after GC invocations=6 (full 0):
 garbage-first heap   total 129024K, used 22177K [0x0000000080000000, 0x0000000100000000)
  region size 1024K, 7 young (7168K), 7 survivors (7168K)
 Metaspace       used 34802K, capacity 35609K, committed 35708K, reserved 1081344K
  class space    used 4466K, capacity 4780K, committed 4864K, reserved 1048576K
}
Event: 7.645 GC heap before
{Heap before GC invocations=7 (full 0):
 garbage-first heap   total 129024K, used 93857K [0x0000000080000000, 0x0000000100000000)
  region size 1024K, 75 young (76800K), 7 survivors (7168K)
 Metaspace       used 40331K, capacity 41278K, committed 41468K, reserved 1085440K
  class space    used 5087K, capacity 5449K, committed 5504K, reserved 1048576K
}
Event: 7.663 GC heap after
{Heap after GC invocations=8 (full 0):
 garbage-first heap   total 129024K, used 27809K [0x0000000080000000, 0x0000000100000000)
  region size 1024K, 9 young (9216K), 9 survivors (9216K)
 Metaspace       used 40331K, capacity 41278K, committed 41468K, reserved 1085440K
  class space    used 5087K, capacity 5449K, committed 5504K, reserved 1048576K
}
Event: 9.453 GC heap before
{Heap before GC invocations=8 (full 0):
 garbage-first heap   total 129024K, used 94369K [0x0000000080000000, 0x0000000100000000)
  region size 1024K, 74 young (75776K), 9 survivors (9216K)
 Metaspace       used 46365K, capacity 47436K, committed 47740K, reserved 1091584K
  class space    used 5881K, capacity 6300K, committed 6400K, reserved 1048576K
}
Event: 9.469 GC heap after
{Heap after GC invocations=9 (full 0):
 garbage-first heap   total 155648K, used 29608K [0x0000000080000000, 0x0000000100000000)
  region size 1024K, 3 young (3072K), 3 survivors (3072K)
 Metaspace       used 46365K, capacity 47436K, committed 47740K, reserved 1091584K
  class space    used 5881K, capacity 6300K, committed 6400K, reserved 1048576K
}
Event: 13.603 GC heap before
{Heap before GC invocations=9 (full 0):
 garbage-first heap   total 155648K, used 115624K [0x0000000080000000, 0x0000000100000000)
  region size 1024K, 83 young (84992K), 3 survivors (3072K)
 Metaspace       used 51130K, capacity 52424K, committed 52732K, reserved 1095680K
  class space    used 6445K, capacity 6927K, committed 7040K, reserved 1048576K
}
Event: 13.614 GC heap after
{Heap after GC invocations=10 (full 0):
 garbage-first heap   total 155648K, used 41432K [0x0000000080000000, 0x0000000100000000)
  region size 1024K, 11 young (11264K), 11 survivors (11264K)
 Metaspace       used 51130K, capacity 52424K, committed 52732K, reserved 1095680K
  class space    used 6445K, capacity 6927K, committed 7040K, reserved 1048576K
}
Event: 15.778 GC heap before
{Heap before GC invocations=10 (full 0):
 garbage-first heap   total 155648K, used 89560K [0x0000000080000000, 0x0000000100000000)
  region size 1024K, 59 young (60416K), 11 survivors (11264K)
 Metaspace       used 58344K, capacity 59822K, committed 59940K, reserved 1101824K
  class space    used 7342K, capacity 7918K, committed 7936K, reserved 1048576K
}
Event: 15.803 GC heap after
{Heap after GC invocations=11 (full 0):
 garbage-first heap   total 155648K, used 43717K [0x0000000080000000, 0x0000000100000000)
  region size 1024K, 3 young (3072K), 3 survivors (3072K)
 Metaspace       used 58344K, capacity 59822K, committed 59940K, reserved 1101824K
  class space    used 7342K, capacity 7918K, committed 7936K, reserved 1048576K
}
Event: 18.166 GC heap before
{Heap before GC invocations=12 (full 0):
 garbage-first heap   total 155648K, used 127685K [0x0000000080000000, 0x0000000100000000)
  region size 1024K, 78 young (79872K), 3 survivors (3072K)
 Metaspace       used 64361K, capacity 65829K, committed 66084K, reserved 1107968K
  class space    used 8096K, capacity 8650K, committed 8704K, reserved 1048576K
}
Event: 18.178 GC heap after
{Heap after GC invocations=13 (full 0):
 garbage-first heap   total 155648K, used 49989K [0x0000000080000000, 0x0000000100000000)
  region size 1024K, 9 young (9216K), 9 survivors (9216K)
 Metaspace       used 64361K, capacity 65829K, committed 66084K, reserved 1107968K
  class space    used 8096K, capacity 8650K, committed 8704K, reserved 1048576K
}
Event: 20.490 GC heap before
{Heap before GC invocations=13 (full 0):
 garbage-first heap   total 155648K, used 119621K [0x0000000080000000, 0x0000000100000000)
  region size 1024K, 77 young (78848K), 9 survivors (9216K)
 Metaspace       used 67855K, capacity 69420K, committed 69540K, reserved 1110016K
  class space    used 8611K, capacity 9243K, committed 9344K, reserved 1048576K
}
Event: 20.530 GC heap after
{Heap after GC invocations=14 (full 0):
 garbage-first heap   total 155648K, used 54676K [0x0000000080000000, 0x0000000100000000)
  region size 1024K, 5 young (5120K), 5 survivors (5120K)
 Metaspace       used 67855K, capacity 69420K, committed 69540K, reserved 1110016K
  class space    used 8611K, capacity 9243K, committed 9344K, reserved 1048576K
}

Deoptimization events (20 events):
Event: 19.079 Thread 0x00000231b5cb3000 Uncommon trap: trap_request=0xffffff4d fr.pc=0x00000231a3dd74b0 relative=0x0000000000003a70
Event: 19.079 Thread 0x00000231b5cb3000 Uncommon trap: reason=unstable_if action=reinterpret pc=0x00000231a3dd74b0 method=org.codehaus.groovy.runtime.metaclass.MetaMethodIndex.isOverridden(Lgroovy/lang/MetaMethod;Lgroovy/lang/MetaMethod;)Z @ 33 c2
Event: 19.079 Thread 0x00000231b5cb3000 DEOPT PACKING pc=0x00000231a3dd74b0 sp=0x000000397f8f4740
Event: 19.079 Thread 0x00000231b5cb3000 DEOPT UNPACKING pc=0x000002319c18a1af sp=0x000000397f8f46f8 mode 2
Event: 19.101 Thread 0x00000231b5cb3000 Uncommon trap: trap_request=0xfffffff4 fr.pc=0x00000231a3fa7890 relative=0x0000000000000970
Event: 19.101 Thread 0x00000231b5cb3000 Uncommon trap: reason=null_check action=make_not_entrant pc=0x00000231a3fa7890 method=com.sun.beans.introspect.MethodInfo$MethodOrder.compare(Ljava/lang/reflect/Method;Ljava/lang/reflect/Method;)I @ 133 c2
Event: 19.102 Thread 0x00000231b5cb3000 DEOPT PACKING pc=0x00000231a3fa7890 sp=0x000000397f8f2500
Event: 19.102 Thread 0x00000231b5cb3000 DEOPT UNPACKING pc=0x000002319c18a1af sp=0x000000397f8f24a0 mode 2
Event: 19.777 Thread 0x00000231b5cb3000 Uncommon trap: trap_request=0xffffffdc fr.pc=0x00000231a3fd0d6c relative=0x00000000000002ac
Event: 19.777 Thread 0x00000231b5cb3000 Uncommon trap: reason=class_check action=make_not_entrant pc=0x00000231a3fd0d6c method=java.util.ArrayList.toArray([Ljava/lang/Object;)[Ljava/lang/Object; @ 21 c2
Event: 19.778 Thread 0x00000231b5cb3000 DEOPT PACKING pc=0x00000231a3fd0d6c sp=0x000000397f8f8710
Event: 19.778 Thread 0x00000231b5cb3000 DEOPT UNPACKING pc=0x000002319c18a1af sp=0x000000397f8f86e0 mode 2
Event: 20.865 Thread 0x00000231b5cb3000 Uncommon trap: trap_request=0xffffff4d fr.pc=0x00000231a3ea2948 relative=0x0000000000000268
Event: 20.867 Thread 0x00000231b5cb3000 Uncommon trap: reason=unstable_if action=reinterpret pc=0x00000231a3ea2948 method=java.io.WinNTFileSystem.prefixLength(Ljava/lang/String;)I @ 11 c2
Event: 20.867 Thread 0x00000231b5cb3000 DEOPT PACKING pc=0x00000231a3ea2948 sp=0x000000397f8f9100
Event: 20.867 Thread 0x00000231b5cb3000 DEOPT UNPACKING pc=0x000002319c18a1af sp=0x000000397f8f9080 mode 2
Event: 23.177 Thread 0x00000231b5cb3000 Uncommon trap: trap_request=0xffffffde fr.pc=0x00000231a3f62b80 relative=0x0000000000000ee0
Event: 23.178 Thread 0x00000231b5cb3000 Uncommon trap: reason=class_check action=maybe_recompile pc=0x00000231a3f62b80 method=org.gradle.internal.instantiation.generator.AbstractClassGenerator$InjectionAnnotationValidator.validateMethod(Ljava/lang/reflect/Method;Lorg/gradle/internal/reflect/Pro
Event: 23.178 Thread 0x00000231b5cb3000 DEOPT PACKING pc=0x00000231a3f62b80 sp=0x000000397f8f8730
Event: 23.179 Thread 0x00000231b5cb3000 DEOPT UNPACKING pc=0x000002319c18a1af sp=0x000000397f8f86e8 mode 2

Classes redefined (0 events):
No events

Internal exceptions (20 events):
Event: 19.155 Thread 0x00000231b5cb3000 Exception <a 'java/lang/ClassNotFoundException'{0x0000000086cf2cd0}: build_a25cgaal78z6k53jcoeckmgy5$_run_closure1Customizer> (0x0000000086cf2cd0) thrown at [./src/hotspot/share/classfile/systemDictionary.cpp, line 231]
Event: 19.165 Thread 0x00000231b5cb3000 Exception <a 'java/lang/ClassNotFoundException'{0x0000000086b57bd8}: org/gradle/api/JavaVersionBeanInfo> (0x0000000086b57bd8) thrown at [./src/hotspot/share/classfile/systemDictionary.cpp, line 231]
Event: 19.167 Thread 0x00000231b5cb3000 Exception <a 'java/lang/ClassNotFoundException'{0x0000000086b86cb8}: org/gradle/api/JavaVersionCustomizer> (0x0000000086b86cb8) thrown at [./src/hotspot/share/classfile/systemDictionary.cpp, line 231]
Event: 19.182 Thread 0x00000231b5cb3000 Exception <a 'java/lang/ClassNotFoundException'{0x0000000086bf1b00}: com/android/build/gradle/internal/CompileOptions$AgpDecorated_DecoratedBeanInfo> (0x0000000086bf1b00) thrown at [./src/hotspot/share/classfile/systemDictionary.cpp, line 231]
Event: 19.184 Thread 0x00000231b5cb3000 Exception <a 'java/lang/ClassNotFoundException'{0x0000000086a105e0}: com/android/build/gradle/internal/CompileOptions$AgpDecoratedBeanInfo> (0x0000000086a105e0) thrown at [./src/hotspot/share/classfile/systemDictionary.cpp, line 231]
Event: 19.186 Thread 0x00000231b5cb3000 Exception <a 'java/lang/ClassNotFoundException'{0x0000000086a2c620}: com/android/build/gradle/internal/CompileOptionsBeanInfo> (0x0000000086a2c620) thrown at [./src/hotspot/share/classfile/systemDictionary.cpp, line 231]
Event: 19.186 Thread 0x00000231b5cb3000 Exception <a 'java/lang/ClassNotFoundException'{0x0000000086a490e0}: com/android/build/gradle/internal/CompileOptionsCustomizer> (0x0000000086a490e0) thrown at [./src/hotspot/share/classfile/systemDictionary.cpp, line 231]
Event: 19.187 Thread 0x00000231b5cb3000 Exception <a 'java/lang/ClassNotFoundException'{0x0000000086a73b50}: com/android/build/gradle/internal/CompileOptions$AgpDecoratedCustomizer> (0x0000000086a73b50) thrown at [./src/hotspot/share/classfile/systemDictionary.cpp, line 231]
Event: 19.188 Thread 0x00000231b5cb3000 Exception <a 'java/lang/ClassNotFoundException'{0x0000000086aa1408}: com/android/build/gradle/internal/CompileOptions$AgpDecorated_DecoratedCustomizer> (0x0000000086aa1408) thrown at [./src/hotspot/share/classfile/systemDictionary.cpp, line 231]
Event: 19.240 Thread 0x00000231b5cb3000 Exception <a 'java/lang/ClassNotFoundException'{0x00000000869dbfc8}: org/gradle/api/internal/artifacts/dsl/dependencies/DefaultDependencyHandler_DecoratedBeanInfo> (0x00000000869dbfc8) thrown at [./src/hotspot/share/classfile/systemDictionary.cpp, line 231]
Event: 19.242 Thread 0x00000231b5cb3000 Exception <a 'java/lang/ClassNotFoundException'{0x000000008682ca40}: org/gradle/api/internal/artifacts/dsl/dependencies/DefaultDependencyHandlerBeanInfo> (0x000000008682ca40) thrown at [./src/hotspot/share/classfile/systemDictionary.cpp, line 231]
Event: 19.243 Thread 0x00000231b5cb3000 Exception <a 'java/lang/ClassNotFoundException'{0x000000008687d210}: org/gradle/api/internal/artifacts/dsl/dependencies/DefaultDependencyHandlerCustomizer> (0x000000008687d210) thrown at [./src/hotspot/share/classfile/systemDictionary.cpp, line 231]
Event: 19.247 Thread 0x00000231b5cb3000 Exception <a 'java/lang/ClassNotFoundException'{0x00000000868f7e48}: org/gradle/api/internal/artifacts/dsl/dependencies/DefaultDependencyHandler_DecoratedCustomizer> (0x00000000868f7e48) thrown at [./src/hotspot/share/classfile/systemDictionary.cpp, line 231]
Event: 23.345 Thread 0x00000231b5cb3000 Exception <a 'java/lang/ClassNotFoundException'{0x0000000087c0de48}: com/android/build/gradle/internal/api/ApkVariantOutputImpl_DecoratedBeanInfo> (0x0000000087c0de48) thrown at [./src/hotspot/share/classfile/systemDictionary.cpp, line 231]
Event: 23.347 Thread 0x00000231b5cb3000 Exception <a 'java/lang/ClassNotFoundException'{0x0000000087c2a5b0}: com/android/build/gradle/internal/api/ApkVariantOutputImplBeanInfo> (0x0000000087c2a5b0) thrown at [./src/hotspot/share/classfile/systemDictionary.cpp, line 231]
Event: 23.349 Thread 0x00000231b5cb3000 Exception <a 'java/lang/ClassNotFoundException'{0x0000000087c47510}: com/android/build/gradle/internal/api/BaseVariantOutputImplBeanInfo> (0x0000000087c47510) thrown at [./src/hotspot/share/classfile/systemDictionary.cpp, line 231]
Event: 23.352 Thread 0x00000231b5cb3000 Exception <a 'java/lang/ClassNotFoundException'{0x0000000087c644f8}: com/android/build/gradle/internal/api/BaseVariantOutputImplCustomizer> (0x0000000087c644f8) thrown at [./src/hotspot/share/classfile/systemDictionary.cpp, line 231]
Event: 23.362 Thread 0x00000231b5cb3000 Exception <a 'java/lang/ClassNotFoundException'{0x0000000087c93da8}: com/android/build/gradle/internal/api/ApkVariantOutputImplCustomizer> (0x0000000087c93da8) thrown at [./src/hotspot/share/classfile/systemDictionary.cpp, line 231]
Event: 23.365 Thread 0x00000231b5cb3000 Exception <a 'java/lang/ClassNotFoundException'{0x0000000087cbfb58}: com/android/build/gradle/internal/api/ApkVariantOutputImpl_DecoratedCustomizer> (0x0000000087cbfb58) thrown at [./src/hotspot/share/classfile/systemDictionary.cpp, line 231]
Event: 23.420 Thread 0x00000231b5cb3000 Exception <a 'java/lang/NoClassDefFoundError'{0x0000000087a2fb80}: org/jetbrains/kotlin/gradle/plugin/KotlinBasePluginWrapper> (0x0000000087a2fb80) thrown at [./src/hotspot/share/classfile/systemDictionary.cpp, line 220]

Events (20 events):
Event: 23.428 loading class org/gradle/api/artifacts/ConfigurationPublications
Event: 23.428 loading class org/gradle/api/artifacts/ConfigurationPublications done
Event: 23.430 loading class com/android/build/gradle/internal/scope/ArtifactPublishingUtil$publishArtifactToConfiguration$1$1
Event: 23.430 loading class com/android/build/gradle/internal/scope/ArtifactPublishingUtil$publishArtifactToConfiguration$1$1 done
Event: 23.431 loading class org/gradle/api/internal/artifacts/configurations/DefaultVariant
Event: 23.431 loading class org/gradle/api/internal/artifacts/configurations/DefaultVariant done
Event: 23.433 loading class org/gradle/api/internal/artifacts/ConfigurationVariantInternal
Event: 23.433 loading class org/gradle/api/internal/artifacts/ConfigurationVariantInternal done
Event: 23.439 loading class org/gradle/api/artifacts/ConfigurationVariant
Event: 23.439 loading class org/gradle/api/artifacts/ConfigurationVariant done
Event: 23.440 loading class com/android/build/gradle/internal/scope/ArtifactPublishingUtil$publishArtifactToConfiguration$1$1$1
Event: 23.440 loading class com/android/build/gradle/internal/scope/ArtifactPublishingUtil$publishArtifactToConfiguration$1$1$1 done
Event: 23.441 loading class org/gradle/api/internal/artifacts/publish/DecoratingPublishArtifact
Event: 23.441 loading class org/gradle/api/internal/artifacts/publish/DecoratingPublishArtifact done
Event: 23.442 loading class org/gradle/api/internal/artifacts/publish/AbstractPublishArtifact
Event: 23.442 loading class org/gradle/api/internal/artifacts/publish/AbstractPublishArtifact done
Event: 23.444 loading class org/gradle/api/internal/artifacts/PublishArtifactInternal
Event: 23.444 loading class org/gradle/api/internal/artifacts/PublishArtifactInternal done
Event: 23.446 loading class org/gradle/api/internal/artifacts/dsl/LazyPublishArtifact
Event: 23.446 loading class org/gradle/api/internal/artifacts/dsl/LazyPublishArtifact done


Dynamic libraries:
0x00007ff777770000 - 0x00007ff77777a000 	C:\Program Files\Android\Android Studio\jre\bin\java.exe
0x00007ffed7af0000 - 0x00007ffed7ce8000 	C:\Windows\SYSTEM32\ntdll.dll
0x00007ffed79f0000 - 0x00007ffed7aad000 	C:\Windows\System32\KERNEL32.DLL
0x00007ffed5760000 - 0x00007ffed5a32000 	C:\Windows\System32\KERNELBASE.dll
0x00007ffed5390000 - 0x00007ffed5490000 	C:\Windows\System32\ucrtbase.dll
0x00007ffed2980000 - 0x00007ffed2997000 	C:\Program Files\Android\Android Studio\jre\bin\VCRUNTIME140.dll
0x00007ffed27a0000 - 0x00007ffed27b9000 	C:\Program Files\Android\Android Studio\jre\bin\jli.dll
0x00007ffed6ce0000 - 0x00007ffed6e7d000 	C:\Windows\System32\USER32.dll
0x00007ffed5360000 - 0x00007ffed5382000 	C:\Windows\System32\win32u.dll
0x00007ffed4610000 - 0x00007ffed48aa000 	C:\Windows\WinSxS\amd64_microsoft.windows.common-controls_6595b64144ccf1df_6.0.19041.1110_none_60b5254171f9507e\COMCTL32.dll
0x00007ffed6be0000 - 0x00007ffed6c0b000 	C:\Windows\System32\GDI32.dll
0x00007ffed6a20000 - 0x00007ffed6abe000 	C:\Windows\System32\msvcrt.dll
0x00007ffed5a40000 - 0x00007ffed5b4f000 	C:\Windows\System32\gdi32full.dll
0x00007ffed5600000 - 0x00007ffed569d000 	C:\Windows\System32\msvcp_win.dll
0x00007ffed6cb0000 - 0x00007ffed6ce0000 	C:\Windows\System32\IMM32.DLL
0x00007ffe96360000 - 0x00007ffe963fd000 	C:\Program Files\Android\Android Studio\jre\bin\msvcp140.dll
0x00007ffe50fb0000 - 0x00007ffe51ab2000 	C:\Program Files\Android\Android Studio\jre\bin\server\jvm.dll
0x00007ffed60d0000 - 0x00007ffed617e000 	C:\Windows\System32\ADVAPI32.dll
0x00007ffed6c10000 - 0x00007ffed6cac000 	C:\Windows\System32\sechost.dll
0x00007ffed68f0000 - 0x00007ffed6a15000 	C:\Windows\System32\RPCRT4.dll
0x00007ffed7060000 - 0x00007ffed7068000 	C:\Windows\System32\PSAPI.DLL
0x00007ffed39e0000 - 0x00007ffed39ea000 	C:\Windows\SYSTEM32\VERSION.dll
0x00007ffecdb30000 - 0x00007ffecdb57000 	C:\Windows\SYSTEM32\WINMM.dll
0x00007ffecfd10000 - 0x00007ffecfd19000 	C:\Windows\SYSTEM32\WSOCK32.dll
0x00007ffed6f90000 - 0x00007ffed6ffb000 	C:\Windows\System32\WS2_32.dll
0x00007ffed3930000 - 0x00007ffed3942000 	C:\Windows\SYSTEM32\kernel.appcore.dll
0x00007ffeb24b0000 - 0x00007ffeb24c1000 	C:\Program Files\Android\Android Studio\jre\bin\verify.dll
0x00007ffed4c30000 - 0x00007ffed4e14000 	C:\Windows\SYSTEM32\DBGHELP.DLL
0x00007ffed4b80000 - 0x00007ffed4bac000 	C:\Windows\SYSTEM32\dbgcore.DLL
0x00007ffed5490000 - 0x00007ffed5512000 	C:\Windows\System32\bcryptPrimitives.dll
0x00007ffeacf60000 - 0x00007ffeacf89000 	C:\Program Files\Android\Android Studio\jre\bin\java.dll
0x00007ffed28a0000 - 0x00007ffed28ab000 	C:\Program Files\Android\Android Studio\jre\bin\jimage.dll
0x00007ffead120000 - 0x00007ffead138000 	C:\Program Files\Android\Android Studio\jre\bin\zip.dll
0x00007ffed61a0000 - 0x00007ffed68e3000 	C:\Windows\System32\SHELL32.dll
0x00007ffed3190000 - 0x00007ffed3921000 	C:\Windows\SYSTEM32\windows.storage.dll
0x00007ffed7070000 - 0x00007ffed73c4000 	C:\Windows\System32\combase.dll
0x00007ffed4570000 - 0x00007ffed45a0000 	C:\Windows\SYSTEM32\Wldp.dll
0x00007ffed7870000 - 0x00007ffed791d000 	C:\Windows\System32\SHCORE.dll
0x00007ffed7000000 - 0x00007ffed7055000 	C:\Windows\System32\shlwapi.dll
0x00007ffed5140000 - 0x00007ffed515f000 	C:\Windows\SYSTEM32\profapi.dll
0x00007ffead0e0000 - 0x00007ffead0fa000 	C:\Program Files\Android\Android Studio\jre\bin\net.dll
0x00007ffecec80000 - 0x00007ffeced8d000 	C:\Windows\SYSTEM32\WINHTTP.dll
0x00007ffed42f0000 - 0x00007ffed435a000 	C:\Windows\system32\mswsock.dll
0x00007ffeacde0000 - 0x00007ffeacdf4000 	C:\Program Files\Android\Android Studio\jre\bin\nio.dll
0x00007ffeb2500000 - 0x00007ffeb2527000 	C:\Users\mtbed\.gradle\native\e1d6ef7f7dcc3fd88c89a11ec53ec762bb8ba0a96d01ffa2cd45eb1d1d8dd5c5\windows-amd64\native-platform.dll
0x00007ffe805c0000 - 0x00007ffe80704000 	C:\Users\mtbed\.gradle\native\0d407fdbe67a94daf76414ababcb853783967236a71b16ec16e742cd7a986fd3\windows-amd64\native-platform-file-events.dll
0x00007ffed27c0000 - 0x00007ffed27ca000 	C:\Program Files\Android\Android Studio\jre\bin\management.dll
0x00007ffecfc20000 - 0x00007ffecfc2d000 	C:\Program Files\Android\Android Studio\jre\bin\management_ext.dll
0x00007ffed4f90000 - 0x00007ffed4fa8000 	C:\Windows\SYSTEM32\CRYPTSP.dll
0x00007ffed3c50000 - 0x00007ffed3c84000 	C:\Windows\system32\rsaenh.dll
0x00007ffed55d0000 - 0x00007ffed55f7000 	C:\Windows\System32\bcrypt.dll
0x00007ffed50c0000 - 0x00007ffed50ee000 	C:\Windows\SYSTEM32\USERENV.dll
0x00007ffed4530000 - 0x00007ffed453c000 	C:\Windows\SYSTEM32\CRYPTBASE.dll
0x00007ffed3fc0000 - 0x00007ffed3ffb000 	C:\Windows\SYSTEM32\IPHLPAPI.DLL
0x00007ffed75e0000 - 0x00007ffed75e8000 	C:\Windows\System32\NSI.dll
0x00007ffec8ae0000 - 0x00007ffec8af7000 	C:\Windows\SYSTEM32\dhcpcsvc6.DLL
0x00007ffeca7f0000 - 0x00007ffeca80d000 	C:\Windows\SYSTEM32\dhcpcsvc.DLL
0x00007ffed4000000 - 0x00007ffed40ca000 	C:\Windows\SYSTEM32\DNSAPI.dll

dbghelp: loaded successfully - version: 4.0.5 - missing functions: none
symbol engine: initialized successfully - sym options: 0x614 - pdb path: .;C:\Program Files\Android\Android Studio\jre\bin;C:\Windows\SYSTEM32;C:\Windows\WinSxS\amd64_microsoft.windows.common-controls_6595b64144ccf1df_6.0.19041.1110_none_60b5254171f9507e;C:\Program Files\Android\Android Studio\jre\bin\server;C:\Users\mtbed\.gradle\native\e1d6ef7f7dcc3fd88c89a11ec53ec762bb8ba0a96d01ffa2cd45eb1d1d8dd5c5\windows-amd64;C:\Users\mtbed\.gradle\native\0d407fdbe67a94daf76414ababcb853783967236a71b16ec16e742cd7a986fd3\windows-amd64

VM Arguments:
jvm_args: --add-opens=java.base/java.util=ALL-UNNAMED --add-opens=java.base/java.lang=ALL-UNNAMED --add-opens=java.base/java.lang.invoke=ALL-UNNAMED --add-opens=java.base/java.util=ALL-UNNAMED --add-opens=java.prefs/java.util.prefs=ALL-UNNAMED --add-opens=java.prefs/java.util.prefs=ALL-UNNAMED --add-opens=java.base/java.nio.charset=ALL-UNNAMED --add-opens=java.base/java.net=ALL-UNNAMED --add-opens=java.base/java.util.concurrent.atomic=ALL-UNNAMED -Xmx2048m -Dfile.encoding=UTF-8 -Duser.country=US -Duser.language=en -Duser.variant 
java_command: org.gradle.launcher.daemon.bootstrap.GradleDaemon 7.4
java_class_path (initial): C:\Users\mtbed\.gradle\wrapper\dists\gradle-7.4-bin\c0gwcg53nkjbqw7r0h0umtfvt\gradle-7.4\lib\gradle-launcher-7.4.jar
Launcher Type: SUN_STANDARD

[Global flags]
     intx CICompilerCount                          = 4                                         {product} {ergonomic}
     uint ConcGCThreads                            = 2                                         {product} {ergonomic}
     uint G1ConcRefinementThreads                  = 8                                         {product} {ergonomic}
   size_t G1HeapRegionSize                         = 1048576                                   {product} {ergonomic}
    uintx GCDrainStackTargetSize                   = 64                                        {product} {ergonomic}
   size_t InitialHeapSize                          = 132120576                                 {product} {ergonomic}
   size_t MarkStackSize                            = 4194304                                   {product} {ergonomic}
   size_t MaxHeapSize                              = 2147483648                                {product} {command line}
   size_t MaxNewSize                               = 1287651328                                {product} {ergonomic}
   size_t MinHeapDeltaBytes                        = 1048576                                   {product} {ergonomic}
    uintx NonNMethodCodeHeapSize                   = 5836300                                {pd product} {ergonomic}
    uintx NonProfiledCodeHeapSize                  = 122910970                              {pd product} {ergonomic}
    uintx ProfiledCodeHeapSize                     = 122910970                              {pd product} {ergonomic}
    uintx ReservedCodeCacheSize                    = 251658240                              {pd product} {ergonomic}
     bool SegmentedCodeCache                       = true                                      {product} {ergonomic}
     bool UseCompressedClassPointers               = true                                 {lp64_product} {ergonomic}
     bool UseCompressedOops                        = true                                 {lp64_product} {ergonomic}
     bool UseG1GC                                  = true                                      {product} {ergonomic}
     bool UseLargePagesIndividualAllocation        = false                                  {pd product} {ergonomic}

Logging:
Log output configuration:
 #0: stdout all=warning uptime,level,tags
 #1: stderr all=off uptime,level,tags

Environment Variables:
PATH=C:\Windows\system32;C:\Windows;C:\Windows\System32\Wbem;C:\Windows\System32\WindowsPowerShell\v1.0\;C:\Windows\System32\OpenSSH\;C:\Program Files\dotnet\;C:\Program Files\Git\cmd;C:\Program Files\Git;C:\Users\mtbed\AppData\Local\Microsoft\WindowsApps;
USERNAME=mtbed
OS=Windows_NT
PROCESSOR_IDENTIFIER=Intel64 Family 6 Model 142 Stepping 12, GenuineIntel



---------------  S Y S T E M  ---------------

OS: Windows 10 , 64 bit Build 19041 (10.0.19041.1889)
OS uptime: 2 days 8:52 hours

CPU:total 8 (initial active 8) (4 cores per cpu, 2 threads per core) family 6 model 142 stepping 12 microcode 0xea, cmov, cx8, fxsr, mmx, sse, sse2, sse3, ssse3, sse4.1, sse4.2, popcnt, avx, avx2, aes, clmul, erms, 3dnowpref, lzcnt, ht, tsc, tscinvbit, bmi1, bmi2, adx, fma

Memory: 4k page, system-wide physical 7974M (76M free)
TotalPageFile size 32550M (AvailPageFile size 5M)
current process WorkingSet (physical memory assigned to process): 115M, peak: 289M
current process commit charge ("private bytes"): 407M, peak: 408M

vm_info: OpenJDK 64-Bit Server VM (11.0.13+0-b1751.21-8125866) for windows-amd64 JRE (11.0.13+0-b1751.21-8125866), built on Feb  2 2022 03:00:22 by "builder" with MS VC++ 14.0 (VS2015)

END.
