#
# There is insufficient memory for the Java Runtime Environment to continue.
# Native memory allocation (malloc) failed to allocate 279056 bytes for Chunk::new
# Possible reasons:
#   The system is out of physical RAM or swap space
#   The process is running with CompressedOops enabled, and the Java Heap may be blocking the growth of the native heap
# Possible solutions:
#   Reduce memory load on the system
#   Increase physical memory or swap space
#   Check if swap backing store is full
#   Decrease Java heap size (-Xmx/-Xms)
#   Decrease number of Java threads
#   Decrease Java thread stack sizes (-Xss)
#   Set larger code cache with -XX:ReservedCodeCacheSize=
#   JVM is running with Unscaled Compressed Oops mode in which the Java heap is
#     placed in the first 4GB address space. The Java Heap base address is the
#     maximum limit for the native heap growth. Please use -XX:HeapBaseMinAddress
#     to set the Java Heap base and to place the Java Heap above 4GB virtual address.
# This output file may be truncated or incomplete.
#
#  Out of Memory Error (./src/hotspot/share/memory/arena.cpp:197), pid=21092, tid=16132
#
# JRE version: OpenJDK Runtime Environment (11.0.13) (build 11.0.13+0-b1751.21-8125866)
# Java VM: OpenJDK 64-Bit Server VM (11.0.13+0-b1751.21-8125866, mixed mode, tiered, compressed oops, g1 gc, windows-amd64)
# No core dump will be written. Minidumps are not enabled by default on client versions of Windows
#

---------------  S U M M A R Y ------------

Command Line: --add-opens=java.base/java.util=ALL-UNNAMED --add-opens=java.base/java.lang=ALL-UNNAMED --add-opens=java.base/java.lang.invoke=ALL-UNNAMED --add-opens=java.base/java.util=ALL-UNNAMED --add-opens=java.prefs/java.util.prefs=ALL-UNNAMED --add-opens=java.prefs/java.util.prefs=ALL-UNNAMED --add-opens=java.base/java.nio.charset=ALL-UNNAMED --add-opens=java.base/java.net=ALL-UNNAMED --add-opens=java.base/java.util.concurrent.atomic=ALL-UNNAMED -Xmx2048m -Dfile.encoding=UTF-8 -Duser.country=US -Duser.language=en -Duser.variant org.gradle.launcher.daemon.bootstrap.GradleDaemon 7.4

Host: Intel(R) Core(TM) i7-10510U CPU @ 1.80GHz, 8 cores, 7G,  Windows 10 , 64 bit Build 19041 (10.0.19041.1889)
Time: Thu Nov  3 16:17:50 2022 Central Daylight Time elapsed time: 16.061448 seconds (0d 0h 0m 16s)

---------------  T H R E A D  ---------------

Current thread (0x000001e913a50000):  JavaThread "C2 CompilerThread0" daemon [_thread_in_native, id=16132, stack(0x000000e619b00000,0x000000e619c00000)]


Current CompileTask:
C2:  16062 5613       4       org.objectweb.asm.SymbolTable::addConstantUtf8Reference (101 bytes)

Stack: [0x000000e619b00000,0x000000e619c00000]
Native frames: (J=compiled Java code, j=interpreted, Vv=VM code, C=native code)
V  [jvm.dll+0x6100fa]
V  [jvm.dll+0x747090]
V  [jvm.dll+0x7486ad]
V  [jvm.dll+0x748d83]
V  [jvm.dll+0x24ab48]
V  [jvm.dll+0xc04dc]
V  [jvm.dll+0xc0a0c]
V  [jvm.dll+0x2bfab4]
V  [jvm.dll+0x524238]
V  [jvm.dll+0x204a21]
V  [jvm.dll+0x2023c2]
V  [jvm.dll+0x188e01]
V  [jvm.dll+0x21106b]
V  [jvm.dll+0x20f8c1]
V  [jvm.dll+0x70de0f]
V  [jvm.dll+0x706a75]
V  [jvm.dll+0x60ed66]
C  [ucrtbase.dll+0x21bb2]
C  [KERNEL32.DLL+0x17034]
C  [ntdll.dll+0x526a1]


---------------  P R O C E S S  ---------------

Threads class SMR info:
_java_thread_list=0x000001e916c69160, length=121, elements={
0x000001e97837b000, 0x000001e9131c5000, 0x000001e9131ce800, 0x000001e913a48000,
0x000001e913a49000, 0x000001e913a4b000, 0x000001e913a50000, 0x000001e9131e4800,
0x000001e9131ee800, 0x000001e913b9d000, 0x000001e91608d800, 0x000001e9149db000,
0x000001e916af6000, 0x000001e9166e7000, 0x000001e915a1d000, 0x000001e915d9d800,
0x000001e915f07800, 0x000001e915d40000, 0x000001e91608c000, 0x000001e9165d5000,
0x000001e915e35800, 0x000001e915e3b000, 0x000001e915e36000, 0x000001e915e38800,
0x000001e915e37800, 0x000001e915e3c000, 0x000001e915e37000, 0x000001e915e39800,
0x000001e915e3a000, 0x000001e915e45800, 0x000001e915e49800, 0x000001e915e48800,
0x000001e915e4c000, 0x000001e915e4c800, 0x000001e915e47000, 0x000001e915e4d800,
0x000001e915e47800, 0x000001e915e4f000, 0x000001e915e51800, 0x000001e915e54000,
0x000001e915e50000, 0x000001e915e53000, 0x000001e915e4e800, 0x000001e915e52800,
0x000001e915e50800, 0x000001e916a1a000, 0x000001e916a1d000, 0x000001e916a1e000,
0x000001e916a1b800, 0x000001e916a1a800, 0x000001e916a18000, 0x000001e916a1f000,
0x000001e916a1c800, 0x000001e916a19000, 0x000001e916a21000, 0x000001e916a22000,
0x000001e916a24800, 0x000001e916a23000, 0x000001e916a25800, 0x000001e916a1f800,
0x000001e916a26000, 0x000001e916a20800, 0x000001e916a27000, 0x000001e916a23800,
0x000001e91448e000, 0x000001e91448e800, 0x000001e914491000, 0x000001e91448f800,
0x000001e91448c000, 0x000001e91448b800, 0x000001e91448d000, 0x000001e914490000,
0x000001e914492000, 0x000001e91660d800, 0x000001e91660a800, 0x000001e91660e800,
0x000001e91660c800, 0x000001e916608800, 0x000001e91660b000, 0x000001e91660f000,
0x000001e91660c000, 0x000001e916609800, 0x000001e916612800, 0x000001e916615000,
0x000001e916611000, 0x000001e916611800, 0x000001e916614000, 0x000001e916610000,
0x000001e916613800, 0x000001e916615800, 0x000001e916617800, 0x000001e916616800,
0x000001e914eda000, 0x000001e914ed5800, 0x000001e914edb000, 0x000001e914ed9800,
0x000001e914edc000, 0x000001e914ed6000, 0x000001e914ed7800, 0x000001e914edc800,
0x000001e914ed7000, 0x000001e914edd800, 0x000001e914ede800, 0x000001e914ed8800,
0x000001e914edf000, 0x000001e914ee2800, 0x000001e914ee3000, 0x000001e914ee4000,
0x000001e914ee1800, 0x000001e914ee0800, 0x000001e914ee0000, 0x000001e9166ec800,
0x000001e9166ed800, 0x000001e9166ee800, 0x000001e9166e8800, 0x000001e9166e9800,
0x000001e9166eb000, 0x000001e9166ef000, 0x000001e9166ea000, 0x000001e9166f0000,
0x000001e9166f0800
}

Java Threads: ( => current thread )
  0x000001e97837b000 JavaThread "main" [_thread_blocked, id=27012, stack(0x000000e618f00000,0x000000e619000000)]
  0x000001e9131c5000 JavaThread "Reference Handler" daemon [_thread_blocked, id=27620, stack(0x000000e619600000,0x000000e619700000)]
  0x000001e9131ce800 JavaThread "Finalizer" daemon [_thread_blocked, id=32328, stack(0x000000e619700000,0x000000e619800000)]
  0x000001e913a48000 JavaThread "Signal Dispatcher" daemon [_thread_blocked, id=10768, stack(0x000000e619800000,0x000000e619900000)]
  0x000001e913a49000 JavaThread "Attach Listener" daemon [_thread_blocked, id=32688, stack(0x000000e619900000,0x000000e619a00000)]
  0x000001e913a4b000 JavaThread "Service Thread" daemon [_thread_blocked, id=26576, stack(0x000000e619a00000,0x000000e619b00000)]
=>0x000001e913a50000 JavaThread "C2 CompilerThread0" daemon [_thread_in_native, id=16132, stack(0x000000e619b00000,0x000000e619c00000)]
  0x000001e9131e4800 JavaThread "C1 CompilerThread0" daemon [_thread_blocked, id=3032, stack(0x000000e619c00000,0x000000e619d00000)]
  0x000001e9131ee800 JavaThread "Sweeper thread" daemon [_thread_blocked, id=17040, stack(0x000000e619d00000,0x000000e619e00000)]
  0x000001e913b9d000 JavaThread "Common-Cleaner" daemon [_thread_blocked, id=31196, stack(0x000000e619e00000,0x000000e619f00000)]
  0x000001e91608d800 JavaThread "Daemon health stats" [_thread_blocked, id=32556, stack(0x000000e61a400000,0x000000e61a500000)]
  0x000001e9149db000 JavaThread "Incoming local TCP Connector on port 64444" [_thread_in_native, id=26296, stack(0x000000e61a000000,0x000000e61a100000)]
  0x000001e916af6000 JavaThread "Daemon periodic checks" [_thread_blocked, id=31940, stack(0x000000e61a300000,0x000000e61a400000)]
  0x000001e9166e7000 JavaThread "Daemon" [_thread_blocked, id=4132, stack(0x000000e61a500000,0x000000e61a600000)]
  0x000001e915a1d000 JavaThread "Handler for socket connection from /127.0.0.1:64444 to /127.0.0.1:64445" [_thread_in_native, id=30576, stack(0x000000e61a600000,0x000000e61a700000)]
  0x000001e915d9d800 JavaThread "Cancel handler" [_thread_blocked, id=18896, stack(0x000000e61a700000,0x000000e61a800000)]
  0x000001e915f07800 JavaThread "Daemon worker" [_thread_in_Java, id=23244, stack(0x000000e61a800000,0x000000e61a900000)]
  0x000001e915d40000 JavaThread "Asynchronous log dispatcher for DefaultDaemonConnection: socket connection from /127.0.0.1:64444 to /127.0.0.1:64445" [_thread_blocked, id=22440, stack(0x000000e61aa00000,0x000000e61ab00000)]
  0x000001e91608c000 JavaThread "Stdin handler" [_thread_blocked, id=19528, stack(0x000000e61ab00000,0x000000e61ac00000)]
  0x000001e9165d5000 JavaThread "Daemon client event forwarder" [_thread_blocked, id=27848, stack(0x000000e61ac00000,0x000000e61ad00000)]
  0x000001e915e35800 JavaThread "Cache worker for journal cache (C:\Users\mtbed\.gradle\caches\journal-1)" [_thread_blocked, id=28556, stack(0x000000e61b200000,0x000000e61b300000)]
  0x000001e915e3b000 JavaThread "File lock request listener" [_thread_in_native, id=32064, stack(0x000000e61b300000,0x000000e61b400000)]
  0x000001e915e36000 JavaThread "Cache worker for file hash cache (C:\Users\mtbed\.gradle\caches\7.4\fileHashes)" [_thread_blocked, id=24668, stack(0x000000e61b400000,0x000000e61b500000)]
  0x000001e915e38800 JavaThread "File watcher server" daemon [_thread_in_native, id=7124, stack(0x000000e61b600000,0x000000e61b700000)]
  0x000001e915e37800 JavaThread "File watcher consumer" daemon [_thread_blocked, id=21508, stack(0x000000e61b700000,0x000000e61b800000)]
  0x000001e915e3c000 JavaThread "Cache worker for checksums cache (C:\Users\mtbed\Desktop\ProjectTry2\.gradle\7.4\checksums)" [_thread_blocked, id=28388, stack(0x000000e61b800000,0x000000e61b900000)]
  0x000001e915e37000 JavaThread "Cache worker for cache directory md-rule (C:\Users\mtbed\.gradle\caches\7.4\md-rule)" [_thread_blocked, id=14928, stack(0x000000e61b900000,0x000000e61ba00000)]
  0x000001e915e39800 JavaThread "Cache worker for file hash cache (C:\Users\mtbed\Desktop\ProjectTry2\.gradle\7.4\fileHashes)" [_thread_blocked, id=29356, stack(0x000000e61ba00000,0x000000e61bb00000)]
  0x000001e915e3a000 JavaThread "Cache worker for cache directory md-supplier (C:\Users\mtbed\.gradle\caches\7.4\md-supplier)" [_thread_blocked, id=28440, stack(0x000000e61bb00000,0x000000e61bc00000)]
  0x000001e915e45800 JavaThread "Cache worker for execution history cache (C:\Users\mtbed\.gradle\caches\7.4\executionHistory)" [_thread_blocked, id=29896, stack(0x000000e61bc00000,0x000000e61bd00000)]
  0x000001e915e49800 JavaThread "jar transforms" [_thread_blocked, id=30376, stack(0x000000e61bd00000,0x000000e61be00000)]
  0x000001e915e48800 JavaThread "Cache worker for file content cache (C:\Users\mtbed\.gradle\caches\7.4\fileContent)" [_thread_blocked, id=8296, stack(0x000000e61be00000,0x000000e61bf00000)]
  0x000001e915e4c000 JavaThread "jar transforms Thread 2" [_thread_blocked, id=19836, stack(0x000000e61bf00000,0x000000e61c000000)]
  0x000001e915e4c800 JavaThread "Cache worker for dependencies-accessors (C:\Users\mtbed\Desktop\ProjectTry2\.gradle\7.4\dependencies-accessors)" [_thread_blocked, id=1412, stack(0x000000e61c000000,0x000000e61c100000)]
  0x000001e915e47000 JavaThread "jar transforms Thread 3" [_thread_blocked, id=13808, stack(0x000000e61c100000,0x000000e61c200000)]
  0x000001e915e4d800 JavaThread "Cache worker for Build Output Cleanup Cache (C:\Users\mtbed\Desktop\ProjectTry2\.gradle\buildOutputCleanup)" [_thread_blocked, id=31076, stack(0x000000e61a900000,0x000000e61aa00000)]
  0x000001e915e47800 JavaThread "Unconstrained build operations" [_thread_blocked, id=27784, stack(0x000000e61c200000,0x000000e61c300000)]
  0x000001e915e4f000 JavaThread "Unconstrained build operations Thread 2" [_thread_blocked, id=26168, stack(0x000000e61c300000,0x000000e61c400000)]
  0x000001e915e51800 JavaThread "Unconstrained build operations Thread 3" [_thread_blocked, id=30360, stack(0x000000e61c400000,0x000000e61c500000)]
  0x000001e915e54000 JavaThread "Unconstrained build operations Thread 4" [_thread_blocked, id=31436, stack(0x000000e61c500000,0x000000e61c600000)]
  0x000001e915e50000 JavaThread "Unconstrained build operations Thread 5" [_thread_blocked, id=28724, stack(0x000000e61c600000,0x000000e61c700000)]
  0x000001e915e53000 JavaThread "Unconstrained build operations Thread 6" [_thread_blocked, id=29192, stack(0x000000e61c700000,0x000000e61c800000)]
  0x000001e915e4e800 JavaThread "Unconstrained build operations Thread 7" [_thread_blocked, id=29556, stack(0x000000e61c800000,0x000000e61c900000)]
  0x000001e915e52800 JavaThread "Unconstrained build operations Thread 8" [_thread_blocked, id=31596, stack(0x000000e61c900000,0x000000e61ca00000)]
  0x000001e915e50800 JavaThread "Unconstrained build operations Thread 9" [_thread_blocked, id=25760, stack(0x000000e61ca00000,0x000000e61cb00000)]
  0x000001e916a1a000 JavaThread "Unconstrained build operations Thread 10" [_thread_blocked, id=31480, stack(0x000000e61cb00000,0x000000e61cc00000)]
  0x000001e916a1d000 JavaThread "Unconstrained build operations Thread 11" [_thread_blocked, id=25840, stack(0x000000e61cc00000,0x000000e61cd00000)]
  0x000001e916a1e000 JavaThread "Unconstrained build operations Thread 12" [_thread_blocked, id=15964, stack(0x000000e61cd00000,0x000000e61ce00000)]
  0x000001e916a1b800 JavaThread "Unconstrained build operations Thread 13" [_thread_blocked, id=21804, stack(0x000000e61ce00000,0x000000e61cf00000)]
  0x000001e916a1a800 JavaThread "Unconstrained build operations Thread 14" [_thread_blocked, id=19732, stack(0x000000e61cf00000,0x000000e61d000000)]
  0x000001e916a18000 JavaThread "Unconstrained build operations Thread 15" [_thread_blocked, id=32492, stack(0x000000e61d000000,0x000000e61d100000)]
  0x000001e916a1f000 JavaThread "Unconstrained build operations Thread 16" [_thread_blocked, id=4960, stack(0x000000e61d100000,0x000000e61d200000)]
  0x000001e916a1c800 JavaThread "Unconstrained build operations Thread 17" [_thread_blocked, id=27504, stack(0x000000e61d200000,0x000000e61d300000)]
  0x000001e916a19000 JavaThread "Unconstrained build operations Thread 18" [_thread_blocked, id=21336, stack(0x000000e61d300000,0x000000e61d400000)]
  0x000001e916a21000 JavaThread "Unconstrained build operations Thread 19" [_thread_blocked, id=20928, stack(0x000000e61d400000,0x000000e61d500000)]
  0x000001e916a22000 JavaThread "Unconstrained build operations Thread 20" [_thread_blocked, id=8568, stack(0x000000e61d500000,0x000000e61d600000)]
  0x000001e916a24800 JavaThread "Unconstrained build operations Thread 21" [_thread_blocked, id=17620, stack(0x000000e61d600000,0x000000e61d700000)]
  0x000001e916a23000 JavaThread "Unconstrained build operations Thread 22" [_thread_blocked, id=19448, stack(0x000000e61d700000,0x000000e61d800000)]
  0x000001e916a25800 JavaThread "Unconstrained build operations Thread 23" [_thread_blocked, id=16236, stack(0x000000e61d800000,0x000000e61d900000)]
  0x000001e916a1f800 JavaThread "Unconstrained build operations Thread 24" [_thread_blocked, id=11912, stack(0x000000e61d900000,0x000000e61da00000)]
  0x000001e916a26000 JavaThread "Unconstrained build operations Thread 25" [_thread_blocked, id=27404, stack(0x000000e61da00000,0x000000e61db00000)]
  0x000001e916a20800 JavaThread "Unconstrained build operations Thread 26" [_thread_blocked, id=6624, stack(0x000000e61db00000,0x000000e61dc00000)]
  0x000001e916a27000 JavaThread "Unconstrained build operations Thread 27" [_thread_blocked, id=31108, stack(0x000000e61dc00000,0x000000e61dd00000)]
  0x000001e916a23800 JavaThread "Unconstrained build operations Thread 28" [_thread_blocked, id=14408, stack(0x000000e61dd00000,0x000000e61de00000)]
  0x000001e91448e000 JavaThread "Unconstrained build operations Thread 29" [_thread_blocked, id=29984, stack(0x000000e61de00000,0x000000e61df00000)]
  0x000001e91448e800 JavaThread "Unconstrained build operations Thread 30" [_thread_blocked, id=1320, stack(0x000000e61df00000,0x000000e61e000000)]
  0x000001e914491000 JavaThread "Unconstrained build operations Thread 31" [_thread_blocked, id=17236, stack(0x000000e61e000000,0x000000e61e100000)]
  0x000001e91448f800 JavaThread "Unconstrained build operations Thread 32" [_thread_blocked, id=25452, stack(0x000000e61e100000,0x000000e61e200000)]
  0x000001e91448c000 JavaThread "Unconstrained build operations Thread 33" [_thread_blocked, id=32096, stack(0x000000e61e200000,0x000000e61e300000)]
  0x000001e91448b800 JavaThread "Unconstrained build operations Thread 34" [_thread_blocked, id=11344, stack(0x000000e61e300000,0x000000e61e400000)]
  0x000001e91448d000 JavaThread "Unconstrained build operations Thread 35" [_thread_blocked, id=31708, stack(0x000000e61e400000,0x000000e61e500000)]
  0x000001e914490000 JavaThread "Unconstrained build operations Thread 36" [_thread_blocked, id=6388, stack(0x000000e61e500000,0x000000e61e600000)]
  0x000001e914492000 JavaThread "Unconstrained build operations Thread 37" [_thread_blocked, id=29136, stack(0x000000e61e600000,0x000000e61e700000)]
  0x000001e91660d800 JavaThread "Unconstrained build operations Thread 38" [_thread_blocked, id=31528, stack(0x000000e61e700000,0x000000e61e800000)]
  0x000001e91660a800 JavaThread "Unconstrained build operations Thread 39" [_thread_blocked, id=26712, stack(0x000000e61e800000,0x000000e61e900000)]
  0x000001e91660e800 JavaThread "Unconstrained build operations Thread 40" [_thread_blocked, id=4636, stack(0x000000e61e900000,0x000000e61ea00000)]
  0x000001e91660c800 JavaThread "Unconstrained build operations Thread 41" [_thread_blocked, id=31284, stack(0x000000e61ea00000,0x000000e61eb00000)]
  0x000001e916608800 JavaThread "Unconstrained build operations Thread 42" [_thread_blocked, id=18344, stack(0x000000e61eb00000,0x000000e61ec00000)]
  0x000001e91660b000 JavaThread "Unconstrained build operations Thread 43" [_thread_blocked, id=16608, stack(0x000000e61ec00000,0x000000e61ed00000)]
  0x000001e91660f000 JavaThread "Unconstrained build operations Thread 44" [_thread_blocked, id=28300, stack(0x000000e61ed00000,0x000000e61ee00000)]
  0x000001e91660c000 JavaThread "Unconstrained build operations Thread 45" [_thread_blocked, id=23960, stack(0x000000e61ee00000,0x000000e61ef00000)]
  0x000001e916609800 JavaThread "Unconstrained build operations Thread 46" [_thread_blocked, id=26104, stack(0x000000e61ef00000,0x000000e61f000000)]
  0x000001e916612800 JavaThread "Unconstrained build operations Thread 47" [_thread_blocked, id=19888, stack(0x000000e61f000000,0x000000e61f100000)]
  0x000001e916615000 JavaThread "Unconstrained build operations Thread 48" [_thread_blocked, id=13184, stack(0x000000e61f100000,0x000000e61f200000)]
  0x000001e916611000 JavaThread "Unconstrained build operations Thread 49" [_thread_blocked, id=32628, stack(0x000000e61f200000,0x000000e61f300000)]
  0x000001e916611800 JavaThread "Unconstrained build operations Thread 50" [_thread_blocked, id=23104, stack(0x000000e61f300000,0x000000e61f400000)]
  0x000001e916614000 JavaThread "Unconstrained build operations Thread 51" [_thread_blocked, id=7264, stack(0x000000e61f400000,0x000000e61f500000)]
  0x000001e916610000 JavaThread "Unconstrained build operations Thread 52" [_thread_blocked, id=24400, stack(0x000000e61f500000,0x000000e61f600000)]
  0x000001e916613800 JavaThread "Unconstrained build operations Thread 53" [_thread_blocked, id=27096, stack(0x000000e61f600000,0x000000e61f700000)]
  0x000001e916615800 JavaThread "Unconstrained build operations Thread 54" [_thread_blocked, id=29436, stack(0x000000e61f700000,0x000000e61f800000)]
  0x000001e916617800 JavaThread "Unconstrained build operations Thread 55" [_thread_blocked, id=32572, stack(0x000000e61f800000,0x000000e61f900000)]
  0x000001e916616800 JavaThread "Unconstrained build operations Thread 56" [_thread_blocked, id=30280, stack(0x000000e61f900000,0x000000e61fa00000)]
  0x000001e914eda000 JavaThread "Unconstrained build operations Thread 57" [_thread_blocked, id=22776, stack(0x000000e61fa00000,0x000000e61fb00000)]
  0x000001e914ed5800 JavaThread "Unconstrained build operations Thread 58" [_thread_blocked, id=25220, stack(0x000000e61fb00000,0x000000e61fc00000)]
  0x000001e914edb000 JavaThread "Unconstrained build operations Thread 59" [_thread_blocked, id=30780, stack(0x000000e61fc00000,0x000000e61fd00000)]
  0x000001e914ed9800 JavaThread "Unconstrained build operations Thread 60" [_thread_blocked, id=29144, stack(0x000000e61fd00000,0x000000e61fe00000)]
  0x000001e914edc000 JavaThread "Unconstrained build operations Thread 61" [_thread_blocked, id=30352, stack(0x000000e61fe00000,0x000000e61ff00000)]
  0x000001e914ed6000 JavaThread "Unconstrained build operations Thread 62" [_thread_blocked, id=18908, stack(0x000000e61ff00000,0x000000e620000000)]
  0x000001e914ed7800 JavaThread "Unconstrained build operations Thread 63" [_thread_blocked, id=18036, stack(0x000000e620000000,0x000000e620100000)]
  0x000001e914edc800 JavaThread "Unconstrained build operations Thread 64" [_thread_blocked, id=4624, stack(0x000000e620100000,0x000000e620200000)]
  0x000001e914ed7000 JavaThread "Unconstrained build operations Thread 65" [_thread_blocked, id=23780, stack(0x000000e620200000,0x000000e620300000)]
  0x000001e914edd800 JavaThread "Unconstrained build operations Thread 66" [_thread_blocked, id=13776, stack(0x000000e620300000,0x000000e620400000)]
  0x000001e914ede800 JavaThread "Unconstrained build operations Thread 67" [_thread_blocked, id=6192, stack(0x000000e620400000,0x000000e620500000)]
  0x000001e914ed8800 JavaThread "Unconstrained build operations Thread 68" [_thread_blocked, id=28396, stack(0x000000e620500000,0x000000e620600000)]
  0x000001e914edf000 JavaThread "Unconstrained build operations Thread 69" [_thread_blocked, id=22720, stack(0x000000e620600000,0x000000e620700000)]
  0x000001e914ee2800 JavaThread "Unconstrained build operations Thread 70" [_thread_blocked, id=27140, stack(0x000000e620700000,0x000000e620800000)]
  0x000001e914ee3000 JavaThread "Unconstrained build operations Thread 71" [_thread_blocked, id=9780, stack(0x000000e620800000,0x000000e620900000)]
  0x000001e914ee4000 JavaThread "Unconstrained build operations Thread 72" [_thread_blocked, id=25024, stack(0x000000e620900000,0x000000e620a00000)]
  0x000001e914ee1800 JavaThread "Unconstrained build operations Thread 73" [_thread_blocked, id=13564, stack(0x000000e620a00000,0x000000e620b00000)]
  0x000001e914ee0800 JavaThread "Unconstrained build operations Thread 74" [_thread_blocked, id=28544, stack(0x000000e620b00000,0x000000e620c00000)]
  0x000001e914ee0000 JavaThread "Unconstrained build operations Thread 75" [_thread_blocked, id=32452, stack(0x000000e620c00000,0x000000e620d00000)]
  0x000001e9166ec800 JavaThread "Unconstrained build operations Thread 76" [_thread_blocked, id=30228, stack(0x000000e620d00000,0x000000e620e00000)]
  0x000001e9166ed800 JavaThread "Unconstrained build operations Thread 77" [_thread_blocked, id=31168, stack(0x000000e620e00000,0x000000e620f00000)]
  0x000001e9166ee800 JavaThread "Unconstrained build operations Thread 78" [_thread_blocked, id=31944, stack(0x000000e620f00000,0x000000e621000000)]
  0x000001e9166e8800 JavaThread "Unconstrained build operations Thread 79" [_thread_blocked, id=28024, stack(0x000000e621000000,0x000000e621100000)]
  0x000001e9166e9800 JavaThread "Unconstrained build operations Thread 80" [_thread_blocked, id=6348, stack(0x000000e621100000,0x000000e621200000)]
  0x000001e9166eb000 JavaThread "jar transforms Thread 4" [_thread_blocked, id=27068, stack(0x000000e621200000,0x000000e621300000)]
  0x000001e9166ef000 JavaThread "jar transforms Thread 5" [_thread_blocked, id=17356, stack(0x000000e621300000,0x000000e621400000)]
  0x000001e9166ea000 JavaThread "jar transforms Thread 6" [_thread_blocked, id=29588, stack(0x000000e621400000,0x000000e621500000)]
  0x000001e9166f0000 JavaThread "jar transforms Thread 7" [_thread_blocked, id=27884, stack(0x000000e621500000,0x000000e621600000)]
  0x000001e9166f0800 JavaThread "jar transforms Thread 8" [_thread_blocked, id=15428, stack(0x000000e621600000,0x000000e621700000)]

Other Threads:
  0x000001e9131c2800 VMThread "VM Thread" [stack: 0x000000e619500000,0x000000e619600000] [id=28180]
  0x000001e913bd2000 WatcherThread [stack: 0x000000e619f00000,0x000000e61a000000] [id=23020]
  0x000001e978394800 GCTaskThread "GC Thread#0" [stack: 0x000000e619000000,0x000000e619100000] [id=16628]
  0x000001e914b26800 GCTaskThread "GC Thread#1" [stack: 0x000000e61a100000,0x000000e61a200000] [id=24728]
  0x000001e9140b8000 GCTaskThread "GC Thread#2" [stack: 0x000000e61a200000,0x000000e61a300000] [id=25348]
  0x000001e916b65000 GCTaskThread "GC Thread#3" [stack: 0x000000e61ad00000,0x000000e61ae00000] [id=14536]
  0x000001e915d3a000 GCTaskThread "GC Thread#4" [stack: 0x000000e61ae00000,0x000000e61af00000] [id=18460]
  0x000001e915d3f000 GCTaskThread "GC Thread#5" [stack: 0x000000e61af00000,0x000000e61b000000] [id=18308]
  0x000001e915d01000 GCTaskThread "GC Thread#6" [stack: 0x000000e61b000000,0x000000e61b100000] [id=24760]
  0x000001e914ad6000 GCTaskThread "GC Thread#7" [stack: 0x000000e61b100000,0x000000e61b200000] [id=30284]
  0x000001e9783c5800 ConcurrentGCThread "G1 Main Marker" [stack: 0x000000e619100000,0x000000e619200000] [id=23452]
  0x000001e9783c8000 ConcurrentGCThread "G1 Conc#0" [stack: 0x000000e619200000,0x000000e619300000] [id=31144]
  0x000001e915c56800 ConcurrentGCThread "G1 Conc#1" [stack: 0x000000e61b500000,0x000000e61b600000] [id=30764]
  0x000001e913010800 ConcurrentGCThread "G1 Refine#0" [stack: 0x000000e619300000,0x000000e619400000] [id=31380]
  0x000001e913011000 ConcurrentGCThread "G1 Young RemSet Sampling" [stack: 0x000000e619400000,0x000000e619500000] [id=25924]

Threads with active compile tasks:
C2 CompilerThread0  16182 5613       4       org.objectweb.asm.SymbolTable::addConstantUtf8Reference (101 bytes)

VM state:not at safepoint (normal execution)

VM Mutex/Monitor currently owned by a thread: None

Heap address: 0x0000000080000000, size: 2048 MB, Compressed Oops mode: 32-bit
Narrow klass base: 0x0000000000000000, Narrow klass shift: 3
Compressed class space size: 1073741824 Address: 0x0000000100000000

Heap:
 garbage-first heap   total 155648K, used 62761K [0x0000000080000000, 0x0000000100000000)
  region size 1024K, 32 young (32768K), 10 survivors (10240K)
 Metaspace       used 54384K, capacity 55769K, committed 56016K, reserved 1097728K
  class space    used 6883K, capacity 7423K, committed 7424K, reserved 1048576K
Heap Regions: E=young(eden), S=young(survivor), O=old, HS=humongous(starts), HC=humongous(continues), CS=collection set, F=free, A=archive, TAMS=top-at-mark-start (previous, next)
|   0|0x0000000080000000, 0x0000000080100000, 0x0000000080100000|100%| O|  |TAMS 0x0000000080100000, 0x0000000080000000| Untracked 
|   1|0x0000000080100000, 0x0000000080200000, 0x0000000080200000|100%| O|  |TAMS 0x0000000080200000, 0x0000000080100000| Untracked 
|   2|0x0000000080200000, 0x0000000080300000, 0x0000000080300000|100%| O|  |TAMS 0x0000000080300000, 0x0000000080200000| Untracked 
|   3|0x0000000080300000, 0x0000000080400000, 0x0000000080400000|100%|HS|  |TAMS 0x0000000080400000, 0x0000000080300000| Complete 
|   4|0x0000000080400000, 0x0000000080500000, 0x0000000080500000|100%|HC|  |TAMS 0x0000000080500000, 0x0000000080400000| Complete 
|   5|0x0000000080500000, 0x0000000080600000, 0x0000000080600000|100%|HC|  |TAMS 0x0000000080600000, 0x0000000080500000| Complete 
|   6|0x0000000080600000, 0x0000000080700000, 0x0000000080700000|100%| O|  |TAMS 0x0000000080700000, 0x0000000080600000| Untracked 
|   7|0x0000000080700000, 0x0000000080800000, 0x0000000080800000|100%| O|  |TAMS 0x0000000080800000, 0x0000000080700000| Untracked 
|   8|0x0000000080800000, 0x0000000080900000, 0x0000000080900000|100%| O|  |TAMS 0x0000000080900000, 0x0000000080800000| Untracked 
|   9|0x0000000080900000, 0x0000000080a00000, 0x0000000080a00000|100%| O|  |TAMS 0x0000000080a00000, 0x0000000080900000| Untracked 
|  10|0x0000000080a00000, 0x0000000080b00000, 0x0000000080b00000|100%| O|  |TAMS 0x0000000080b00000, 0x0000000080a00000| Untracked 
|  11|0x0000000080b00000, 0x0000000080c00000, 0x0000000080c00000|100%| O|  |TAMS 0x0000000080c00000, 0x0000000080b00000| Untracked 
|  12|0x0000000080c00000, 0x0000000080d00000, 0x0000000080d00000|100%| O|  |TAMS 0x0000000080d00000, 0x0000000080c00000| Untracked 
|  13|0x0000000080d00000, 0x0000000080e00000, 0x0000000080e00000|100%| O|  |TAMS 0x0000000080e00000, 0x0000000080d00000| Untracked 
|  14|0x0000000080e00000, 0x0000000080f00000, 0x0000000080f00000|100%| O|  |TAMS 0x0000000080f00000, 0x0000000080e00000| Untracked 
|  15|0x0000000080f00000, 0x0000000081000000, 0x0000000081000000|100%| O|  |TAMS 0x0000000080f31a00, 0x0000000080f00000| Untracked 
|  16|0x0000000081000000, 0x0000000081100000, 0x0000000081100000|100%|HS|  |TAMS 0x0000000081000000, 0x0000000081000000| Complete 
|  17|0x0000000081100000, 0x0000000081200000, 0x0000000081200000|100%| O|  |TAMS 0x0000000081100000, 0x0000000081100000| Untracked 
|  18|0x0000000081200000, 0x0000000081300000, 0x0000000081300000|100%| O|  |TAMS 0x0000000081200000, 0x0000000081200000| Untracked 
|  19|0x0000000081300000, 0x0000000081400000, 0x0000000081400000|100%| O|  |TAMS 0x0000000081300000, 0x0000000081300000| Untracked 
|  20|0x0000000081400000, 0x0000000081500000, 0x0000000081500000|100%| O|  |TAMS 0x0000000081400000, 0x0000000081400000| Untracked 
|  21|0x0000000081500000, 0x0000000081600000, 0x0000000081600000|100%| O|  |TAMS 0x0000000081500000, 0x0000000081500000| Untracked 
|  22|0x0000000081600000, 0x0000000081700000, 0x0000000081700000|100%| O|  |TAMS 0x0000000081600000, 0x0000000081600000| Untracked 
|  23|0x0000000081700000, 0x0000000081800000, 0x0000000081800000|100%| O|  |TAMS 0x0000000081700000, 0x0000000081700000| Untracked 
|  24|0x0000000081800000, 0x0000000081900000, 0x0000000081900000|100%| O|  |TAMS 0x0000000081800000, 0x0000000081800000| Untracked 
|  25|0x0000000081900000, 0x0000000081a00000, 0x0000000081a00000|100%| O|  |TAMS 0x0000000081900000, 0x0000000081900000| Untracked 
|  26|0x0000000081a00000, 0x0000000081b00000, 0x0000000081b00000|100%| O|  |TAMS 0x0000000081a00000, 0x0000000081a00000| Untracked 
|  27|0x0000000081b00000, 0x0000000081b53a00, 0x0000000081c00000| 32%| O|  |TAMS 0x0000000081b00000, 0x0000000081b00000| Untracked 
|  28|0x0000000081c00000, 0x0000000081d00000, 0x0000000081d00000|100%|HS|  |TAMS 0x0000000081c00000, 0x0000000081c00000| Complete 
|  29|0x0000000081d00000, 0x0000000081d00000, 0x0000000081e00000|  0%| F|  |TAMS 0x0000000081d00000, 0x0000000081d00000| Untracked 
|  30|0x0000000081e00000, 0x0000000081f00000, 0x0000000081f00000|100%|HS|  |TAMS 0x0000000081e00000, 0x0000000081e00000| Complete 
|  31|0x0000000081f00000, 0x0000000082000000, 0x0000000082000000|100%|HC|  |TAMS 0x0000000081f00000, 0x0000000081f00000| Complete 
|  32|0x0000000082000000, 0x0000000082000000, 0x0000000082100000|  0%| F|  |TAMS 0x0000000082000000, 0x0000000082000000| Untracked 
|  33|0x0000000082100000, 0x0000000082100000, 0x0000000082200000|  0%| F|  |TAMS 0x0000000082100000, 0x0000000082100000| Untracked 
|  34|0x0000000082200000, 0x0000000082200000, 0x0000000082300000|  0%| F|  |TAMS 0x0000000082200000, 0x0000000082200000| Untracked 
|  35|0x0000000082300000, 0x0000000082300000, 0x0000000082400000|  0%| F|  |TAMS 0x0000000082300000, 0x0000000082300000| Untracked 
|  36|0x0000000082400000, 0x0000000082400000, 0x0000000082500000|  0%| F|  |TAMS 0x0000000082400000, 0x0000000082400000| Untracked 
|  37|0x0000000082500000, 0x0000000082500000, 0x0000000082600000|  0%| F|  |TAMS 0x0000000082500000, 0x0000000082500000| Untracked 
|  38|0x0000000082600000, 0x0000000082600000, 0x0000000082700000|  0%| F|  |TAMS 0x0000000082600000, 0x0000000082600000| Untracked 
|  39|0x0000000082700000, 0x0000000082700000, 0x0000000082800000|  0%| F|  |TAMS 0x0000000082700000, 0x0000000082700000| Untracked 
|  40|0x0000000082800000, 0x0000000082800000, 0x0000000082900000|  0%| F|  |TAMS 0x0000000082800000, 0x0000000082800000| Untracked 
|  41|0x0000000082900000, 0x0000000082900000, 0x0000000082a00000|  0%| F|  |TAMS 0x0000000082900000, 0x0000000082900000| Untracked 
|  42|0x0000000082a00000, 0x0000000082a00000, 0x0000000082b00000|  0%| F|  |TAMS 0x0000000082a00000, 0x0000000082a00000| Untracked 
|  43|0x0000000082b00000, 0x0000000082b00000, 0x0000000082c00000|  0%| F|  |TAMS 0x0000000082b00000, 0x0000000082b00000| Untracked 
|  44|0x0000000082c00000, 0x0000000082c00000, 0x0000000082d00000|  0%| F|  |TAMS 0x0000000082c00000, 0x0000000082c00000| Untracked 
|  45|0x0000000082d00000, 0x0000000082d00000, 0x0000000082e00000|  0%| F|  |TAMS 0x0000000082d00000, 0x0000000082d00000| Untracked 
|  46|0x0000000082e00000, 0x0000000082e00000, 0x0000000082f00000|  0%| F|  |TAMS 0x0000000082e00000, 0x0000000082e00000| Untracked 
|  47|0x0000000082f00000, 0x0000000082f00000, 0x0000000083000000|  0%| F|  |TAMS 0x0000000082f00000, 0x0000000082f00000| Untracked 
|  48|0x0000000083000000, 0x0000000083000000, 0x0000000083100000|  0%| F|  |TAMS 0x0000000083000000, 0x0000000083000000| Untracked 
|  49|0x0000000083100000, 0x0000000083100000, 0x0000000083200000|  0%| F|  |TAMS 0x0000000083100000, 0x0000000083100000| Untracked 
|  50|0x0000000083200000, 0x0000000083200000, 0x0000000083300000|  0%| F|  |TAMS 0x0000000083200000, 0x0000000083200000| Untracked 
|  51|0x0000000083300000, 0x0000000083300000, 0x0000000083400000|  0%| F|  |TAMS 0x0000000083300000, 0x0000000083300000| Untracked 
|  52|0x0000000083400000, 0x0000000083400000, 0x0000000083500000|  0%| F|  |TAMS 0x0000000083400000, 0x0000000083400000| Untracked 
|  53|0x0000000083500000, 0x0000000083500000, 0x0000000083600000|  0%| F|  |TAMS 0x0000000083500000, 0x0000000083500000| Untracked 
|  54|0x0000000083600000, 0x0000000083600000, 0x0000000083700000|  0%| F|  |TAMS 0x0000000083600000, 0x0000000083600000| Untracked 
|  55|0x0000000083700000, 0x0000000083700000, 0x0000000083800000|  0%| F|  |TAMS 0x0000000083700000, 0x0000000083700000| Untracked 
|  56|0x0000000083800000, 0x0000000083800000, 0x0000000083900000|  0%| F|  |TAMS 0x0000000083800000, 0x0000000083800000| Untracked 
|  57|0x0000000083900000, 0x0000000083900000, 0x0000000083a00000|  0%| F|  |TAMS 0x0000000083900000, 0x0000000083900000| Untracked 
|  58|0x0000000083a00000, 0x0000000083a00000, 0x0000000083b00000|  0%| F|  |TAMS 0x0000000083a00000, 0x0000000083a00000| Untracked 
|  59|0x0000000083b00000, 0x0000000083b00000, 0x0000000083c00000|  0%| F|  |TAMS 0x0000000083b00000, 0x0000000083b00000| Untracked 
|  60|0x0000000083c00000, 0x0000000083c00000, 0x0000000083d00000|  0%| F|  |TAMS 0x0000000083c00000, 0x0000000083c00000| Untracked 
|  61|0x0000000083d00000, 0x0000000083d00000, 0x0000000083e00000|  0%| F|  |TAMS 0x0000000083d00000, 0x0000000083d00000| Untracked 
|  62|0x0000000083e00000, 0x0000000083ef6d20, 0x0000000083f00000| 96%| S|CS|TAMS 0x0000000083e00000, 0x0000000083e00000| Complete 
|  63|0x0000000083f00000, 0x0000000084000000, 0x0000000084000000|100%| S|CS|TAMS 0x0000000083f00000, 0x0000000083f00000| Complete 
|  64|0x0000000084000000, 0x0000000084100000, 0x0000000084100000|100%| S|CS|TAMS 0x0000000084000000, 0x0000000084000000| Complete 
|  65|0x0000000084100000, 0x0000000084200000, 0x0000000084200000|100%| S|CS|TAMS 0x0000000084100000, 0x0000000084100000| Complete 
|  66|0x0000000084200000, 0x0000000084300000, 0x0000000084300000|100%| S|CS|TAMS 0x0000000084200000, 0x0000000084200000| Complete 
|  67|0x0000000084300000, 0x0000000084400000, 0x0000000084400000|100%| S|CS|TAMS 0x0000000084300000, 0x0000000084300000| Complete 
|  68|0x0000000084400000, 0x0000000084500000, 0x0000000084500000|100%| S|CS|TAMS 0x0000000084400000, 0x0000000084400000| Complete 
|  69|0x0000000084500000, 0x0000000084600000, 0x0000000084600000|100%| S|CS|TAMS 0x0000000084500000, 0x0000000084500000| Complete 
|  70|0x0000000084600000, 0x0000000084700000, 0x0000000084700000|100%| S|CS|TAMS 0x0000000084600000, 0x0000000084600000| Complete 
|  71|0x0000000084700000, 0x0000000084800000, 0x0000000084800000|100%| S|CS|TAMS 0x0000000084700000, 0x0000000084700000| Complete 
|  72|0x0000000084800000, 0x0000000084800000, 0x0000000084900000|  0%| F|  |TAMS 0x0000000084800000, 0x0000000084800000| Untracked 
|  73|0x0000000084900000, 0x0000000084900000, 0x0000000084a00000|  0%| F|  |TAMS 0x0000000084900000, 0x0000000084900000| Untracked 
|  74|0x0000000084a00000, 0x0000000084a00000, 0x0000000084b00000|  0%| F|  |TAMS 0x0000000084a00000, 0x0000000084a00000| Untracked 
|  75|0x0000000084b00000, 0x0000000084b00000, 0x0000000084c00000|  0%| F|  |TAMS 0x0000000084b00000, 0x0000000084b00000| Untracked 
|  76|0x0000000084c00000, 0x0000000084c00000, 0x0000000084d00000|  0%| F|  |TAMS 0x0000000084c00000, 0x0000000084c00000| Untracked 
|  77|0x0000000084d00000, 0x0000000084d00000, 0x0000000084e00000|  0%| F|  |TAMS 0x0000000084d00000, 0x0000000084d00000| Untracked 
|  78|0x0000000084e00000, 0x0000000084e00000, 0x0000000084f00000|  0%| F|  |TAMS 0x0000000084e00000, 0x0000000084e00000| Untracked 
|  79|0x0000000084f00000, 0x0000000084f00000, 0x0000000085000000|  0%| F|  |TAMS 0x0000000084f00000, 0x0000000084f00000| Untracked 
|  80|0x0000000085000000, 0x0000000085000000, 0x0000000085100000|  0%| F|  |TAMS 0x0000000085000000, 0x0000000085000000| Untracked 
|  81|0x0000000085100000, 0x0000000085100000, 0x0000000085200000|  0%| F|  |TAMS 0x0000000085100000, 0x0000000085100000| Untracked 
|  82|0x0000000085200000, 0x0000000085200000, 0x0000000085300000|  0%| F|  |TAMS 0x0000000085200000, 0x0000000085200000| Untracked 
|  83|0x0000000085300000, 0x0000000085300000, 0x0000000085400000|  0%| F|  |TAMS 0x0000000085300000, 0x0000000085300000| Untracked 
|  84|0x0000000085400000, 0x0000000085400000, 0x0000000085500000|  0%| F|  |TAMS 0x0000000085400000, 0x0000000085400000| Untracked 
|  85|0x0000000085500000, 0x0000000085500000, 0x0000000085600000|  0%| F|  |TAMS 0x0000000085500000, 0x0000000085500000| Untracked 
|  86|0x0000000085600000, 0x0000000085600000, 0x0000000085700000|  0%| F|  |TAMS 0x0000000085600000, 0x0000000085600000| Untracked 
|  87|0x0000000085700000, 0x0000000085700000, 0x0000000085800000|  0%| F|  |TAMS 0x0000000085700000, 0x0000000085700000| Untracked 
|  88|0x0000000085800000, 0x0000000085800000, 0x0000000085900000|  0%| F|  |TAMS 0x0000000085800000, 0x0000000085800000| Untracked 
|  89|0x0000000085900000, 0x0000000085900000, 0x0000000085a00000|  0%| F|  |TAMS 0x0000000085900000, 0x0000000085900000| Untracked 
|  90|0x0000000085a00000, 0x0000000085a00000, 0x0000000085b00000|  0%| F|  |TAMS 0x0000000085a00000, 0x0000000085a00000| Untracked 
|  91|0x0000000085b00000, 0x0000000085b00000, 0x0000000085c00000|  0%| F|  |TAMS 0x0000000085b00000, 0x0000000085b00000| Untracked 
|  92|0x0000000085c00000, 0x0000000085c00000, 0x0000000085d00000|  0%| F|  |TAMS 0x0000000085c00000, 0x0000000085c00000| Untracked 
|  93|0x0000000085d00000, 0x0000000085d00000, 0x0000000085e00000|  0%| F|  |TAMS 0x0000000085d00000, 0x0000000085d00000| Untracked 
|  94|0x0000000085e00000, 0x0000000085e00000, 0x0000000085f00000|  0%| F|  |TAMS 0x0000000085e00000, 0x0000000085e00000| Untracked 
|  95|0x0000000085f00000, 0x0000000085f00000, 0x0000000086000000|  0%| F|  |TAMS 0x0000000085f00000, 0x0000000085f00000| Untracked 
|  96|0x0000000086000000, 0x0000000086000000, 0x0000000086100000|  0%| F|  |TAMS 0x0000000086000000, 0x0000000086000000| Untracked 
|  97|0x0000000086100000, 0x0000000086100000, 0x0000000086200000|  0%| F|  |TAMS 0x0000000086100000, 0x0000000086100000| Untracked 
|  98|0x0000000086200000, 0x0000000086200000, 0x0000000086300000|  0%| F|  |TAMS 0x0000000086200000, 0x0000000086200000| Untracked 
|  99|0x0000000086300000, 0x0000000086300000, 0x0000000086400000|  0%| F|  |TAMS 0x0000000086300000, 0x0000000086300000| Untracked 
| 100|0x0000000086400000, 0x0000000086400000, 0x0000000086500000|  0%| F|  |TAMS 0x0000000086400000, 0x0000000086400000| Untracked 
| 101|0x0000000086500000, 0x0000000086500000, 0x0000000086600000|  0%| F|  |TAMS 0x0000000086500000, 0x0000000086500000| Untracked 
| 102|0x0000000086600000, 0x0000000086600000, 0x0000000086700000|  0%| F|  |TAMS 0x0000000086600000, 0x0000000086600000| Untracked 
| 103|0x0000000086700000, 0x0000000086700000, 0x0000000086800000|  0%| F|  |TAMS 0x0000000086700000, 0x0000000086700000| Untracked 
| 104|0x0000000086800000, 0x0000000086800000, 0x0000000086900000|  0%| F|  |TAMS 0x0000000086800000, 0x0000000086800000| Untracked 
| 105|0x0000000086900000, 0x0000000086900000, 0x0000000086a00000|  0%| F|  |TAMS 0x0000000086900000, 0x0000000086900000| Untracked 
| 106|0x0000000086a00000, 0x0000000086a00000, 0x0000000086b00000|  0%| F|  |TAMS 0x0000000086a00000, 0x0000000086a00000| Untracked 
| 107|0x0000000086b00000, 0x0000000086b00000, 0x0000000086c00000|  0%| F|  |TAMS 0x0000000086b00000, 0x0000000086b00000| Untracked 
| 108|0x0000000086c00000, 0x0000000086c00000, 0x0000000086d00000|  0%| F|  |TAMS 0x0000000086c00000, 0x0000000086c00000| Untracked 
| 109|0x0000000086d00000, 0x0000000086d00000, 0x0000000086e00000|  0%| F|  |TAMS 0x0000000086d00000, 0x0000000086d00000| Untracked 
| 110|0x0000000086e00000, 0x0000000086e00000, 0x0000000086f00000|  0%| F|  |TAMS 0x0000000086e00000, 0x0000000086e00000| Untracked 
| 111|0x0000000086f00000, 0x0000000086f00000, 0x0000000087000000|  0%| F|  |TAMS 0x0000000086f00000, 0x0000000086f00000| Untracked 
| 112|0x0000000087000000, 0x0000000087000000, 0x0000000087100000|  0%| F|  |TAMS 0x0000000087000000, 0x0000000087000000| Untracked 
| 113|0x0000000087100000, 0x0000000087100000, 0x0000000087200000|  0%| F|  |TAMS 0x0000000087100000, 0x0000000087100000| Untracked 
| 114|0x0000000087200000, 0x0000000087200000, 0x0000000087300000|  0%| F|  |TAMS 0x0000000087200000, 0x0000000087200000| Untracked 
| 115|0x0000000087300000, 0x0000000087300000, 0x0000000087400000|  0%| F|  |TAMS 0x0000000087300000, 0x0000000087300000| Untracked 
| 116|0x0000000087400000, 0x0000000087400000, 0x0000000087500000|  0%| F|  |TAMS 0x0000000087400000, 0x0000000087400000| Untracked 
| 117|0x0000000087500000, 0x0000000087500000, 0x0000000087600000|  0%| F|  |TAMS 0x0000000087500000, 0x0000000087500000| Untracked 
| 118|0x0000000087600000, 0x0000000087600000, 0x0000000087700000|  0%| F|  |TAMS 0x0000000087600000, 0x0000000087600000| Untracked 
| 119|0x0000000087700000, 0x0000000087700000, 0x0000000087800000|  0%| F|  |TAMS 0x0000000087700000, 0x0000000087700000| Untracked 
| 120|0x0000000087800000, 0x0000000087800000, 0x0000000087900000|  0%| F|  |TAMS 0x0000000087800000, 0x0000000087800000| Untracked 
| 121|0x0000000087900000, 0x0000000087900000, 0x0000000087a00000|  0%| F|  |TAMS 0x0000000087900000, 0x0000000087900000| Untracked 
| 122|0x0000000087a00000, 0x0000000087a00000, 0x0000000087b00000|  0%| F|  |TAMS 0x0000000087a00000, 0x0000000087a00000| Untracked 
| 123|0x0000000087b00000, 0x0000000087b00000, 0x0000000087c00000|  0%| F|  |TAMS 0x0000000087b00000, 0x0000000087b00000| Untracked 
| 124|0x0000000087c00000, 0x0000000087c00000, 0x0000000087d00000|  0%| F|  |TAMS 0x0000000087c00000, 0x0000000087c00000| Untracked 
| 125|0x0000000087d00000, 0x0000000087d00000, 0x0000000087e00000|  0%| F|  |TAMS 0x0000000087d00000, 0x0000000087d00000| Untracked 
| 126|0x0000000087e00000, 0x0000000087e00000, 0x0000000087f00000|  0%| F|  |TAMS 0x0000000087e00000, 0x0000000087e00000| Untracked 
| 127|0x0000000087f00000, 0x0000000087f00000, 0x0000000088000000|  0%| F|  |TAMS 0x0000000087f00000, 0x0000000087f00000| Untracked 
| 128|0x0000000088000000, 0x0000000088000000, 0x0000000088100000|  0%| F|  |TAMS 0x0000000088000000, 0x0000000088000000| Untracked 
| 129|0x0000000088100000, 0x0000000088100000, 0x0000000088200000|  0%| F|  |TAMS 0x0000000088100000, 0x0000000088100000| Untracked 
| 130|0x0000000088200000, 0x0000000088280800, 0x0000000088300000| 50%| E|  |TAMS 0x0000000088200000, 0x0000000088200000| Complete 
| 131|0x0000000088300000, 0x0000000088400000, 0x0000000088400000|100%| E|CS|TAMS 0x0000000088300000, 0x0000000088300000| Complete 
| 132|0x0000000088400000, 0x0000000088500000, 0x0000000088500000|100%| E|CS|TAMS 0x0000000088400000, 0x0000000088400000| Complete 
| 133|0x0000000088500000, 0x0000000088600000, 0x0000000088600000|100%| E|CS|TAMS 0x0000000088500000, 0x0000000088500000| Complete 
| 134|0x0000000088600000, 0x0000000088700000, 0x0000000088700000|100%| E|CS|TAMS 0x0000000088600000, 0x0000000088600000| Complete 
| 135|0x0000000088700000, 0x0000000088800000, 0x0000000088800000|100%| E|CS|TAMS 0x0000000088700000, 0x0000000088700000| Complete 
| 136|0x0000000088800000, 0x0000000088900000, 0x0000000088900000|100%| E|CS|TAMS 0x0000000088800000, 0x0000000088800000| Complete 
| 137|0x0000000088900000, 0x0000000088a00000, 0x0000000088a00000|100%| E|CS|TAMS 0x0000000088900000, 0x0000000088900000| Complete 
| 138|0x0000000088a00000, 0x0000000088b00000, 0x0000000088b00000|100%| E|CS|TAMS 0x0000000088a00000, 0x0000000088a00000| Complete 
| 139|0x0000000088b00000, 0x0000000088c00000, 0x0000000088c00000|100%| E|CS|TAMS 0x0000000088b00000, 0x0000000088b00000| Complete 
| 140|0x0000000088c00000, 0x0000000088d00000, 0x0000000088d00000|100%| E|CS|TAMS 0x0000000088c00000, 0x0000000088c00000| Complete 
| 141|0x0000000088d00000, 0x0000000088e00000, 0x0000000088e00000|100%| E|CS|TAMS 0x0000000088d00000, 0x0000000088d00000| Complete 
| 142|0x0000000088e00000, 0x0000000088f00000, 0x0000000088f00000|100%| E|CS|TAMS 0x0000000088e00000, 0x0000000088e00000| Complete 
| 143|0x0000000088f00000, 0x0000000089000000, 0x0000000089000000|100%| E|CS|TAMS 0x0000000088f00000, 0x0000000088f00000| Complete 
| 144|0x0000000089000000, 0x0000000089100000, 0x0000000089100000|100%| E|CS|TAMS 0x0000000089000000, 0x0000000089000000| Complete 
| 145|0x0000000089100000, 0x0000000089200000, 0x0000000089200000|100%| E|CS|TAMS 0x0000000089100000, 0x0000000089100000| Complete 
| 146|0x0000000089200000, 0x0000000089300000, 0x0000000089300000|100%| E|CS|TAMS 0x0000000089200000, 0x0000000089200000| Complete 
| 147|0x0000000089300000, 0x0000000089400000, 0x0000000089400000|100%| E|CS|TAMS 0x0000000089300000, 0x0000000089300000| Complete 
| 148|0x0000000089400000, 0x0000000089500000, 0x0000000089500000|100%| E|CS|TAMS 0x0000000089400000, 0x0000000089400000| Complete 
| 149|0x0000000089500000, 0x0000000089600000, 0x0000000089600000|100%| E|CS|TAMS 0x0000000089500000, 0x0000000089500000| Complete 
| 150|0x0000000089600000, 0x0000000089700000, 0x0000000089700000|100%| E|CS|TAMS 0x0000000089600000, 0x0000000089600000| Complete 
| 151|0x0000000089700000, 0x0000000089800000, 0x0000000089800000|100%| E|CS|TAMS 0x0000000089700000, 0x0000000089700000| Complete 

Card table byte_map: [0x000001e97cd10000,0x000001e97d110000] _byte_map_base: 0x000001e97c910000

Marking Bits (Prev, Next): (CMBitMap*) 0x000001e9783bca88, (CMBitMap*) 0x000001e9783bcac0
 Prev Bits: [0x000001e97d510000, 0x000001e97f510000)
 Next Bits: [0x000001e90f000000, 0x000001e911000000)

Polling page: 0x000001e976b50000

Metaspace:

Usage:
  Non-class:     47.21 MB capacity,    46.41 MB ( 98%) used,   684.92 KB (  1%) free+waste,   141.63 KB ( <1%) overhead. 
      Class:      7.25 MB capacity,     6.72 MB ( 93%) used,   470.01 KB (  6%) free+waste,    67.31 KB ( <1%) overhead. 
       Both:     54.46 MB capacity,    53.13 MB ( 98%) used,     1.13 MB (  2%) free+waste,   208.94 KB ( <1%) overhead. 

Virtual space:
  Non-class space:       48.00 MB reserved,      47.45 MB ( 99%) committed 
      Class space:        1.00 GB reserved,       7.25 MB ( <1%) committed 
             Both:        1.05 GB reserved,      54.70 MB (  5%) committed 

Chunk freelists:
   Non-Class:  54.00 KB
       Class:  1.00 KB
        Both:  55.00 KB

MaxMetaspaceSize: 17179869184.00 GB
CompressedClassSpaceSize: 1.00 GB
Initial GC threshold: 20.80 MB
Current GC threshold: 59.09 MB
CDS: off

CodeHeap 'non-profiled nmethods': size=120000Kb used=3198Kb max_used=3198Kb free=116801Kb
 bounds [0x000001e907ad0000, 0x000001e907df0000, 0x000001e90f000000]
CodeHeap 'profiled nmethods': size=120000Kb used=11664Kb max_used=11664Kb free=108336Kb
 bounds [0x000001e9005a0000, 0x000001e901110000, 0x000001e907ad0000]
CodeHeap 'non-nmethods': size=5760Kb used=2309Kb max_used=2351Kb free=3450Kb
 bounds [0x000001e900000000, 0x000001e900270000, 0x000001e9005a0000]
 total_blobs=6384 nmethods=5567 adapters=729
 compilation: enabled
              stopped_count=0, restarted_count=0
 full_count=0

Compilation events (20 events):
Event: 15.662 Thread 0x000001e9131e4800 nmethod 5604 0x000001e9010ffb90 code [0x000001e9010ffd80, 0x000001e901100248]
Event: 15.766 Thread 0x000001e9131e4800 5605       3       com.google.common.collect.ImmutableMap::copyOf (69 bytes)
Event: 15.767 Thread 0x000001e9131e4800 nmethod 5605 0x000001e901100410 code [0x000001e901100700, 0x000001e901101828]
Event: 15.768 Thread 0x000001e9131e4800 5606       3       com.google.common.collect.ImmutableMap::copyOf (58 bytes)
Event: 15.783 Thread 0x000001e9131e4800 nmethod 5606 0x000001e901101d10 code [0x000001e901101f40, 0x000001e9011027d8]
Event: 15.821 Thread 0x000001e913a50000 5607       4       org.objectweb.asm.ByteVector::putUTF8 (144 bytes)
Event: 15.839 Thread 0x000001e913a50000 nmethod 5607 0x000001e907dee210 code [0x000001e907dee3e0, 0x000001e907deec78]
Event: 15.840 Thread 0x000001e913a50000 5608       4       java.util.stream.Sink$ChainedReference::cancellationRequested (10 bytes)
Event: 15.840 Thread 0x000001e9131e4800 5609       3       java.util.Spliterator::getExactSizeIfKnown (25 bytes)
Event: 15.841 Thread 0x000001e913a50000 nmethod 5608 0x000001e907def010 code [0x000001e907def1a0, 0x000001e907def238]
Event: 15.841 Thread 0x000001e9131e4800 nmethod 5609 0x000001e901102990 code [0x000001e901102b60, 0x000001e901102e38]
Event: 15.864 Thread 0x000001e9131e4800 5610       3       org.gradle.internal.instantiation.generator.AsmBackedClassGenerator::getServicesForNext (13 bytes)
Event: 15.865 Thread 0x000001e9131e4800 nmethod 5610 0x000001e901102f10 code [0x000001e9011030e0, 0x000001e901103368]
Event: 15.998 Thread 0x000001e913a50000 5611       4       com.google.common.collect.RegularImmutableSet::contains (56 bytes)
Event: 15.999 Thread 0x000001e9131e4800 5614       1       org.gradle.internal.instantiation.generator.AbstractClassGenerator$MethodMetadata::getGenericReturnType (5 bytes)
Event: 15.999 Thread 0x000001e9131e4800 nmethod 5614 0x000001e907def310 code [0x000001e907def4c0, 0x000001e907def578]
Event: 16.006 Thread 0x000001e913a50000 nmethod 5611 0x000001e907def610 code [0x000001e907def7c0, 0x000001e907def9d8]
Event: 16.006 Thread 0x000001e913a50000 5613       4       org.objectweb.asm.SymbolTable::addConstantUtf8Reference (101 bytes)
Event: 16.030 Thread 0x000001e9131e4800 5615       3       com.google.common.collect.ImmutableSet::builder (8 bytes)
Event: 16.031 Thread 0x000001e9131e4800 nmethod 5615 0x000001e901103490 code [0x000001e901103680, 0x000001e901103a48]

GC Heap History (16 events):
Event: 0.994 GC heap before
{Heap before GC invocations=0 (full 0):
 garbage-first heap   total 129024K, used 29696K [0x0000000080000000, 0x0000000100000000)
  region size 1024K, 24 young (24576K), 0 survivors (0K)
 Metaspace       used 9752K, capacity 9956K, committed 10112K, reserved 1058816K
  class space    used 999K, capacity 1069K, committed 1152K, reserved 1048576K
}
Event: 1.000 GC heap after
{Heap after GC invocations=1 (full 0):
 garbage-first heap   total 129024K, used 9045K [0x0000000080000000, 0x0000000100000000)
  region size 1024K, 3 young (3072K), 3 survivors (3072K)
 Metaspace       used 9752K, capacity 9956K, committed 10112K, reserved 1058816K
  class space    used 999K, capacity 1069K, committed 1152K, reserved 1048576K
}
Event: 2.512 GC heap before
{Heap before GC invocations=1 (full 0):
 garbage-first heap   total 129024K, used 82773K [0x0000000080000000, 0x0000000100000000)
  region size 1024K, 75 young (76800K), 3 survivors (3072K)
 Metaspace       used 17376K, capacity 17715K, committed 17792K, reserved 1064960K
  class space    used 2015K, capacity 2145K, committed 2176K, reserved 1048576K
}
Event: 2.519 GC heap after
{Heap after GC invocations=2 (full 0):
 garbage-first heap   total 129024K, used 15522K [0x0000000080000000, 0x0000000100000000)
  region size 1024K, 10 young (10240K), 10 survivors (10240K)
 Metaspace       used 17376K, capacity 17715K, committed 17792K, reserved 1064960K
  class space    used 2015K, capacity 2145K, committed 2176K, reserved 1048576K
}
Event: 2.924 GC heap before
{Heap before GC invocations=2 (full 0):
 garbage-first heap   total 129024K, used 46242K [0x0000000080000000, 0x0000000100000000)
  region size 1024K, 42 young (43008K), 10 survivors (10240K)
 Metaspace       used 20755K, capacity 21125K, committed 21296K, reserved 1069056K
  class space    used 2528K, capacity 2688K, committed 2688K, reserved 1048576K
}
Event: 2.933 GC heap after
{Heap after GC invocations=3 (full 0):
 garbage-first heap   total 129024K, used 16849K [0x0000000080000000, 0x0000000100000000)
  region size 1024K, 2 young (2048K), 2 survivors (2048K)
 Metaspace       used 20755K, capacity 21125K, committed 21296K, reserved 1069056K
  class space    used 2528K, capacity 2688K, committed 2688K, reserved 1048576K
}
Event: 3.831 GC heap before
{Heap before GC invocations=4 (full 0):
 garbage-first heap   total 129024K, used 80337K [0x0000000080000000, 0x0000000100000000)
  region size 1024K, 64 young (65536K), 2 survivors (2048K)
 Metaspace       used 27010K, capacity 27629K, committed 27904K, reserved 1073152K
  class space    used 3512K, capacity 3736K, committed 3840K, reserved 1048576K
}
Event: 3.836 GC heap after
{Heap after GC invocations=5 (full 0):
 garbage-first heap   total 129024K, used 18794K [0x0000000080000000, 0x0000000100000000)
  region size 1024K, 4 young (4096K), 4 survivors (4096K)
 Metaspace       used 27010K, capacity 27629K, committed 27904K, reserved 1073152K
  class space    used 3512K, capacity 3736K, committed 3840K, reserved 1048576K
}
Event: 5.516 GC heap before
{Heap before GC invocations=5 (full 0):
 garbage-first heap   total 129024K, used 69994K [0x0000000080000000, 0x0000000100000000)
  region size 1024K, 55 young (56320K), 4 survivors (4096K)
 Metaspace       used 35160K, capacity 35938K, committed 36048K, reserved 1081344K
  class space    used 4512K, capacity 4806K, committed 4864K, reserved 1048576K
}
Event: 5.533 GC heap after
{Heap after GC invocations=6 (full 0):
 garbage-first heap   total 129024K, used 22192K [0x0000000080000000, 0x0000000100000000)
  region size 1024K, 7 young (7168K), 7 survivors (7168K)
 Metaspace       used 35160K, capacity 35938K, committed 36048K, reserved 1081344K
  class space    used 4512K, capacity 4806K, committed 4864K, reserved 1048576K
}
Event: 8.061 GC heap before
{Heap before GC invocations=7 (full 0):
 garbage-first heap   total 129024K, used 94896K [0x0000000080000000, 0x0000000100000000)
  region size 1024K, 75 young (76800K), 7 survivors (7168K)
 Metaspace       used 40762K, capacity 41746K, committed 41936K, reserved 1085440K
  class space    used 5143K, capacity 5519K, committed 5632K, reserved 1048576K
}
Event: 8.074 GC heap after
{Heap after GC invocations=8 (full 0):
 garbage-first heap   total 129024K, used 27653K [0x0000000080000000, 0x0000000100000000)
  region size 1024K, 9 young (9216K), 9 survivors (9216K)
 Metaspace       used 40762K, capacity 41746K, committed 41936K, reserved 1085440K
  class space    used 5143K, capacity 5519K, committed 5632K, reserved 1048576K
}
Event: 9.650 GC heap before
{Heap before GC invocations=8 (full 0):
 garbage-first heap   total 129024K, used 94213K [0x0000000080000000, 0x0000000100000000)
  region size 1024K, 74 young (75776K), 9 survivors (9216K)
 Metaspace       used 46690K, capacity 47850K, committed 48080K, reserved 1091584K
  class space    used 5932K, capacity 6352K, committed 6400K, reserved 1048576K
}
Event: 9.663 GC heap after
{Heap after GC invocations=9 (full 0):
 garbage-first heap   total 155648K, used 29558K [0x0000000080000000, 0x0000000100000000)
  region size 1024K, 3 young (3072K), 3 survivors (3072K)
 Metaspace       used 46690K, capacity 47850K, committed 48080K, reserved 1091584K
  class space    used 5932K, capacity 6352K, committed 6400K, reserved 1048576K
}
Event: 13.908 GC heap before
{Heap before GC invocations=9 (full 0):
 garbage-first heap   total 155648K, used 116598K [0x0000000080000000, 0x0000000100000000)
  region size 1024K, 83 young (84992K), 3 survivors (3072K)
 Metaspace       used 51422K, capacity 52710K, committed 52816K, reserved 1095680K
  class space    used 6482K, capacity 6980K, committed 7040K, reserved 1048576K
}
Event: 13.925 GC heap after
{Heap after GC invocations=10 (full 0):
 garbage-first heap   total 155648K, used 41257K [0x0000000080000000, 0x0000000100000000)
  region size 1024K, 10 young (10240K), 10 survivors (10240K)
 Metaspace       used 51422K, capacity 52710K, committed 52816K, reserved 1095680K
  class space    used 6482K, capacity 6980K, committed 7040K, reserved 1048576K
}

Deoptimization events (20 events):
Event: 15.099 Thread 0x000001e915f07800 DEOPT PACKING pc=0x000001e9007fbe17 sp=0x000000e61a8f5e00
Event: 15.102 Thread 0x000001e915f07800 DEOPT UNPACKING pc=0x000001e90004a95e sp=0x000000e61a8f5388 mode 0
Event: 15.112 Thread 0x000001e915f07800 DEOPT PACKING pc=0x000001e9007fbe17 sp=0x000000e61a8f5f40
Event: 15.112 Thread 0x000001e915f07800 DEOPT UNPACKING pc=0x000001e90004a95e sp=0x000000e61a8f54c8 mode 0
Event: 15.118 Thread 0x000001e915f07800 DEOPT PACKING pc=0x000001e9007fbe17 sp=0x000000e61a8f5df0
Event: 15.118 Thread 0x000001e915f07800 DEOPT UNPACKING pc=0x000001e90004a95e sp=0x000000e61a8f5378 mode 0
Event: 15.127 Thread 0x000001e915f07800 DEOPT PACKING pc=0x000001e9007fbe17 sp=0x000000e61a8f5df0
Event: 15.127 Thread 0x000001e915f07800 DEOPT UNPACKING pc=0x000001e90004a95e sp=0x000000e61a8f5378 mode 0
Event: 15.140 Thread 0x000001e915f07800 DEOPT PACKING pc=0x000001e9007fbe17 sp=0x000000e61a8f5c70
Event: 15.140 Thread 0x000001e915f07800 DEOPT UNPACKING pc=0x000001e90004a95e sp=0x000000e61a8f51f8 mode 0
Event: 15.144 Thread 0x000001e915f07800 DEOPT PACKING pc=0x000001e9007fbe17 sp=0x000000e61a8f5c70
Event: 15.144 Thread 0x000001e915f07800 DEOPT UNPACKING pc=0x000001e90004a95e sp=0x000000e61a8f51f8 mode 0
Event: 15.147 Thread 0x000001e915f07800 DEOPT PACKING pc=0x000001e9007fbe17 sp=0x000000e61a8f5c70
Event: 15.147 Thread 0x000001e915f07800 DEOPT UNPACKING pc=0x000001e90004a95e sp=0x000000e61a8f51f8 mode 0
Event: 15.151 Thread 0x000001e915f07800 DEOPT PACKING pc=0x000001e9007fbe17 sp=0x000000e61a8f5ec0
Event: 15.151 Thread 0x000001e915f07800 DEOPT UNPACKING pc=0x000001e90004a95e sp=0x000000e61a8f5448 mode 0
Event: 15.154 Thread 0x000001e915f07800 DEOPT PACKING pc=0x000001e9007fbe17 sp=0x000000e61a8f5bf0
Event: 15.154 Thread 0x000001e915f07800 DEOPT UNPACKING pc=0x000001e90004a95e sp=0x000000e61a8f5178 mode 0
Event: 15.156 Thread 0x000001e915f07800 DEOPT PACKING pc=0x000001e9007fbe17 sp=0x000000e61a8f5d70
Event: 15.156 Thread 0x000001e915f07800 DEOPT UNPACKING pc=0x000001e90004a95e sp=0x000000e61a8f52f8 mode 0

Classes redefined (0 events):
No events

Internal exceptions (20 events):
Event: 12.224 Thread 0x000001e915f07800 Exception <a 'java/security/PrivilegedActionException'{0x00000000865c44b8}> (0x00000000865c44b8) thrown at [./src/hotspot/share/prims/jvm.cpp, line 1306]
Event: 12.224 Thread 0x000001e915f07800 Exception <a 'java/security/PrivilegedActionException'{0x00000000865c5778}> (0x00000000865c5778) thrown at [./src/hotspot/share/prims/jvm.cpp, line 1306]
Event: 12.224 Thread 0x000001e915f07800 Exception <a 'java/security/PrivilegedActionException'{0x00000000865c8370}> (0x00000000865c8370) thrown at [./src/hotspot/share/prims/jvm.cpp, line 1306]
Event: 12.224 Thread 0x000001e915f07800 Exception <a 'java/security/PrivilegedActionException'{0x00000000865c9630}> (0x00000000865c9630) thrown at [./src/hotspot/share/prims/jvm.cpp, line 1306]
Event: 12.224 Thread 0x000001e915f07800 Exception <a 'java/security/PrivilegedActionException'{0x00000000865cc2e0}> (0x00000000865cc2e0) thrown at [./src/hotspot/share/prims/jvm.cpp, line 1306]
Event: 12.224 Thread 0x000001e915f07800 Exception <a 'java/security/PrivilegedActionException'{0x00000000865cd5a0}> (0x00000000865cd5a0) thrown at [./src/hotspot/share/prims/jvm.cpp, line 1306]
Event: 12.225 Thread 0x000001e915f07800 Exception <a 'java/security/PrivilegedActionException'{0x00000000865d01a0}> (0x00000000865d01a0) thrown at [./src/hotspot/share/prims/jvm.cpp, line 1306]
Event: 12.225 Thread 0x000001e915f07800 Exception <a 'java/security/PrivilegedActionException'{0x00000000865d1460}> (0x00000000865d1460) thrown at [./src/hotspot/share/prims/jvm.cpp, line 1306]
Event: 12.225 Thread 0x000001e915f07800 Exception <a 'java/security/PrivilegedActionException'{0x00000000865d40b0}> (0x00000000865d40b0) thrown at [./src/hotspot/share/prims/jvm.cpp, line 1306]
Event: 12.225 Thread 0x000001e915f07800 Exception <a 'java/security/PrivilegedActionException'{0x00000000865d5370}> (0x00000000865d5370) thrown at [./src/hotspot/share/prims/jvm.cpp, line 1306]
Event: 12.225 Thread 0x000001e915f07800 Exception <a 'java/security/PrivilegedActionException'{0x00000000865d8020}> (0x00000000865d8020) thrown at [./src/hotspot/share/prims/jvm.cpp, line 1306]
Event: 12.225 Thread 0x000001e915f07800 Exception <a 'java/security/PrivilegedActionException'{0x00000000865d92e0}> (0x00000000865d92e0) thrown at [./src/hotspot/share/prims/jvm.cpp, line 1306]
Event: 12.622 Thread 0x000001e915f07800 Exception <a 'java/lang/ClassNotFoundException'{0x0000000085c66450}: org/gradle/api/internal/plugins/DefaultObjectConfigurationActionBeanInfo> (0x0000000085c66450) thrown at [./src/hotspot/share/classfile/systemDictionary.cpp, line 231]
Event: 12.628 Thread 0x000001e915f07800 Exception <a 'java/lang/ClassNotFoundException'{0x0000000085c9bd30}: org/gradle/api/internal/plugins/DefaultObjectConfigurationActionCustomizer> (0x0000000085c9bd30) thrown at [./src/hotspot/share/classfile/systemDictionary.cpp, line 231]
Event: 13.237 Thread 0x000001e915f07800 Exception <a 'java/lang/NoSuchMethodError'{0x00000000851699a0}: 'java.lang.Object java.lang.invoke.DirectMethodHandle$Holder.invokeStatic(java.lang.Object, java.lang.Object, java.lang.Object, java.lang.Object, int)'> (0x00000000851699a0) thrown at [./src/hotspot/share/interpreter/linkResolver.cpp, line 773]
Event: 13.237 Thread 0x000001e915f07800 Exception <a 'java/lang/NoSuchMethodError'{0x000000008516e398}: 'java.lang.Object java.lang.invoke.DirectMethodHandle$Holder.invokeSpecial(java.lang.Object, java.lang.Object, java.lang.Object, java.lang.Object, java.lang.Object, int)'> (0x000000008516e398) thrown at [./src/hotspot/share/interpreter/linkResolver.cpp, line 773]
Event: 13.237 Thread 0x000001e915f07800 Exception <a 'java/lang/NoSuchMethodError'{0x00000000851729d8}: 'java.lang.Object java.lang.invoke.Invokers$Holder.linkToTargetMethod(java.lang.Object, java.lang.Object, java.lang.Object, int, java.lang.Object)'> (0x00000000851729d8) thrown at [./src/hotspot/share/interpreter/linkResolver.cpp, line 773]
Event: 14.404 Thread 0x000001e915f07800 Exception <a 'java/lang/NoSuchMethodError'{0x0000000089110aa0}: 'java.lang.Object java.lang.invoke.DirectMethodHandle$Holder.invokeSpecial(java.lang.Object, java.lang.Object, int, int, java.lang.Object, java.lang.Object, java.lang.Object)'> (0x0000000089110aa0) thrown at [./src/hotspot/share/interpreter/linkResolver.cpp, line 773]
Event: 14.404 Thread 0x000001e915f07800 Exception <a 'java/lang/NoSuchMethodError'{0x0000000089115020}: 'java.lang.Object java.lang.invoke.DelegatingMethodHandle$Holder.reinvoke_L(java.lang.Object, int, int, java.lang.Object, java.lang.Object, java.lang.Object)'> (0x0000000089115020) thrown at [./src/hotspot/share/interpreter/linkResolver.cpp, line 773]
Event: 15.578 Thread 0x000001e915f07800 Exception <a 'java/lang/NoSuchMethodError'{0x00000000885a1a88}: 'int java.lang.invoke.DirectMethodHandle$Holder.invokeInterface(java.lang.Object, java.lang.Object, java.lang.Object, java.lang.Object)'> (0x00000000885a1a88) thrown at [./src/hotspot/share/interpreter/linkResolver.cpp, line 773]

Events (20 events):
Event: 15.870 loading class com/android/build/gradle/internal/profile/AnalyticsServiceApi
Event: 15.870 loading class com/android/build/gradle/internal/profile/AnalyticsServiceApi done
Event: 15.895 loading class org/gradle/tooling/events/OperationCompletionListener
Event: 15.895 loading class org/gradle/tooling/events/OperationCompletionListener done
Event: 15.897 loading class org/gradle/tooling/events/OperationCompletionListener
Event: 15.897 loading class org/gradle/tooling/events/OperationCompletionListener done
Event: 15.948 loading class com/android/build/gradle/internal/profile/NoOpAnalyticsService
Event: 15.948 loading class com/android/build/gradle/internal/profile/NoOpAnalyticsService done
Event: 15.981 loading class com/android/build/gradle/internal/plugins/AndroidPluginBaseServices$basePluginApply$1
Event: 15.981 loading class com/android/build/gradle/internal/plugins/AndroidPluginBaseServices$basePluginApply$1 done
Event: 15.986 loading class com/android/build/gradle/internal/profile/AnalyticsService$Params
Event: 15.986 loading class com/android/build/gradle/internal/profile/AnalyticsService$Params done
Event: 15.993 loading class com/android/build/gradle/internal/profile/ProjectData
Event: 15.993 loading class com/android/build/gradle/internal/profile/ProjectData done
Event: 15.996 loading class com/android/build/gradle/internal/profile/TaskMetadata
Event: 15.996 loading class com/android/build/gradle/internal/profile/TaskMetadata done
Event: 16.012 loading class com/android/build/gradle/internal/DependencyResolutionChecks
Event: 16.012 loading class com/android/build/gradle/internal/DependencyResolutionChecks done
Event: 16.022 loading class org/gradle/api/internal/plugins/DslObject
Event: 16.022 loading class org/gradle/api/internal/plugins/DslObject done


Dynamic libraries:
0x00007ff7bae70000 - 0x00007ff7bae7a000 	C:\Program Files\Android\Android Studio\jre\bin\java.exe
0x00007ffed7af0000 - 0x00007ffed7ce8000 	C:\Windows\SYSTEM32\ntdll.dll
0x00007ffed79f0000 - 0x00007ffed7aad000 	C:\Windows\System32\KERNEL32.DLL
0x00007ffed5760000 - 0x00007ffed5a32000 	C:\Windows\System32\KERNELBASE.dll
0x00007ffed5390000 - 0x00007ffed5490000 	C:\Windows\System32\ucrtbase.dll
0x00007ffe9efe0000 - 0x00007ffe9eff7000 	C:\Program Files\Android\Android Studio\jre\bin\VCRUNTIME140.dll
0x00007ffea7ee0000 - 0x00007ffea7ef9000 	C:\Program Files\Android\Android Studio\jre\bin\jli.dll
0x00007ffed6ce0000 - 0x00007ffed6e7d000 	C:\Windows\System32\USER32.dll
0x00007ffed5360000 - 0x00007ffed5382000 	C:\Windows\System32\win32u.dll
0x00007ffed4610000 - 0x00007ffed48aa000 	C:\Windows\WinSxS\amd64_microsoft.windows.common-controls_6595b64144ccf1df_6.0.19041.1110_none_60b5254171f9507e\COMCTL32.dll
0x00007ffed6be0000 - 0x00007ffed6c0b000 	C:\Windows\System32\GDI32.dll
0x00007ffed6a20000 - 0x00007ffed6abe000 	C:\Windows\System32\msvcrt.dll
0x00007ffed5a40000 - 0x00007ffed5b4f000 	C:\Windows\System32\gdi32full.dll
0x00007ffed5600000 - 0x00007ffed569d000 	C:\Windows\System32\msvcp_win.dll
0x00007ffed6cb0000 - 0x00007ffed6ce0000 	C:\Windows\System32\IMM32.DLL
0x00007ffe7d300000 - 0x00007ffe7d39d000 	C:\Program Files\Android\Android Studio\jre\bin\msvcp140.dll
0x00007ffe50fb0000 - 0x00007ffe51ab2000 	C:\Program Files\Android\Android Studio\jre\bin\server\jvm.dll
0x00007ffed60d0000 - 0x00007ffed617e000 	C:\Windows\System32\ADVAPI32.dll
0x00007ffed6c10000 - 0x00007ffed6cac000 	C:\Windows\System32\sechost.dll
0x00007ffed68f0000 - 0x00007ffed6a15000 	C:\Windows\System32\RPCRT4.dll
0x00007ffed7060000 - 0x00007ffed7068000 	C:\Windows\System32\PSAPI.DLL
0x00007ffecfd10000 - 0x00007ffecfd19000 	C:\Windows\SYSTEM32\WSOCK32.dll
0x00007ffecdb30000 - 0x00007ffecdb57000 	C:\Windows\SYSTEM32\WINMM.dll
0x00007ffed39e0000 - 0x00007ffed39ea000 	C:\Windows\SYSTEM32\VERSION.dll
0x00007ffed6f90000 - 0x00007ffed6ffb000 	C:\Windows\System32\WS2_32.dll
0x00007ffed3930000 - 0x00007ffed3942000 	C:\Windows\SYSTEM32\kernel.appcore.dll
0x00007ffeb24b0000 - 0x00007ffeb24c1000 	C:\Program Files\Android\Android Studio\jre\bin\verify.dll
0x00007ffed4c30000 - 0x00007ffed4e14000 	C:\Windows\SYSTEM32\DBGHELP.DLL
0x00007ffed4b80000 - 0x00007ffed4bac000 	C:\Windows\SYSTEM32\dbgcore.DLL
0x00007ffed5490000 - 0x00007ffed5512000 	C:\Windows\System32\bcryptPrimitives.dll
0x00007ffeacf60000 - 0x00007ffeacf89000 	C:\Program Files\Android\Android Studio\jre\bin\java.dll
0x00007ffed28a0000 - 0x00007ffed28ab000 	C:\Program Files\Android\Android Studio\jre\bin\jimage.dll
0x00007ffead120000 - 0x00007ffead138000 	C:\Program Files\Android\Android Studio\jre\bin\zip.dll
0x00007ffed61a0000 - 0x00007ffed68e3000 	C:\Windows\System32\SHELL32.dll
0x00007ffed3190000 - 0x00007ffed3921000 	C:\Windows\SYSTEM32\windows.storage.dll
0x00007ffed7070000 - 0x00007ffed73c4000 	C:\Windows\System32\combase.dll
0x00007ffed4570000 - 0x00007ffed45a0000 	C:\Windows\SYSTEM32\Wldp.dll
0x00007ffed7870000 - 0x00007ffed791d000 	C:\Windows\System32\SHCORE.dll
0x00007ffed7000000 - 0x00007ffed7055000 	C:\Windows\System32\shlwapi.dll
0x00007ffed5140000 - 0x00007ffed515f000 	C:\Windows\SYSTEM32\profapi.dll
0x00007ffead0e0000 - 0x00007ffead0fa000 	C:\Program Files\Android\Android Studio\jre\bin\net.dll
0x00007ffecec80000 - 0x00007ffeced8d000 	C:\Windows\SYSTEM32\WINHTTP.dll
0x00007ffed42f0000 - 0x00007ffed435a000 	C:\Windows\system32\mswsock.dll
0x00007ffeacde0000 - 0x00007ffeacdf4000 	C:\Program Files\Android\Android Studio\jre\bin\nio.dll
0x00007ffeb2500000 - 0x00007ffeb2527000 	C:\Users\mtbed\.gradle\native\e1d6ef7f7dcc3fd88c89a11ec53ec762bb8ba0a96d01ffa2cd45eb1d1d8dd5c5\windows-amd64\native-platform.dll
0x00007ffe77cb0000 - 0x00007ffe77df4000 	C:\Users\mtbed\.gradle\native\0d407fdbe67a94daf76414ababcb853783967236a71b16ec16e742cd7a986fd3\windows-amd64\native-platform-file-events.dll
0x00007ffed27c0000 - 0x00007ffed27ca000 	C:\Program Files\Android\Android Studio\jre\bin\management.dll
0x00007ffecfc20000 - 0x00007ffecfc2d000 	C:\Program Files\Android\Android Studio\jre\bin\management_ext.dll
0x00007ffed4f90000 - 0x00007ffed4fa8000 	C:\Windows\SYSTEM32\CRYPTSP.dll
0x00007ffed3c50000 - 0x00007ffed3c84000 	C:\Windows\system32\rsaenh.dll
0x00007ffed55d0000 - 0x00007ffed55f7000 	C:\Windows\System32\bcrypt.dll
0x00007ffed50c0000 - 0x00007ffed50ee000 	C:\Windows\SYSTEM32\USERENV.dll
0x00007ffed4530000 - 0x00007ffed453c000 	C:\Windows\SYSTEM32\CRYPTBASE.dll
0x00007ffed3fc0000 - 0x00007ffed3ffb000 	C:\Windows\SYSTEM32\IPHLPAPI.DLL
0x00007ffed75e0000 - 0x00007ffed75e8000 	C:\Windows\System32\NSI.dll
0x00007ffec8ae0000 - 0x00007ffec8af7000 	C:\Windows\SYSTEM32\dhcpcsvc6.DLL
0x00007ffeca7f0000 - 0x00007ffeca80d000 	C:\Windows\SYSTEM32\dhcpcsvc.DLL
0x00007ffed4000000 - 0x00007ffed40ca000 	C:\Windows\SYSTEM32\DNSAPI.dll

dbghelp: loaded successfully - version: 4.0.5 - missing functions: none
symbol engine: initialized successfully - sym options: 0x614 - pdb path: .;C:\Program Files\Android\Android Studio\jre\bin;C:\Windows\SYSTEM32;C:\Windows\WinSxS\amd64_microsoft.windows.common-controls_6595b64144ccf1df_6.0.19041.1110_none_60b5254171f9507e;C:\Program Files\Android\Android Studio\jre\bin\server;C:\Users\mtbed\.gradle\native\e1d6ef7f7dcc3fd88c89a11ec53ec762bb8ba0a96d01ffa2cd45eb1d1d8dd5c5\windows-amd64;C:\Users\mtbed\.gradle\native\0d407fdbe67a94daf76414ababcb853783967236a71b16ec16e742cd7a986fd3\windows-amd64

VM Arguments:
jvm_args: --add-opens=java.base/java.util=ALL-UNNAMED --add-opens=java.base/java.lang=ALL-UNNAMED --add-opens=java.base/java.lang.invoke=ALL-UNNAMED --add-opens=java.base/java.util=ALL-UNNAMED --add-opens=java.prefs/java.util.prefs=ALL-UNNAMED --add-opens=java.prefs/java.util.prefs=ALL-UNNAMED --add-opens=java.base/java.nio.charset=ALL-UNNAMED --add-opens=java.base/java.net=ALL-UNNAMED --add-opens=java.base/java.util.concurrent.atomic=ALL-UNNAMED -Xmx2048m -Dfile.encoding=UTF-8 -Duser.country=US -Duser.language=en -Duser.variant 
java_command: org.gradle.launcher.daemon.bootstrap.GradleDaemon 7.4
java_class_path (initial): C:\Users\mtbed\.gradle\wrapper\dists\gradle-7.4-bin\c0gwcg53nkjbqw7r0h0umtfvt\gradle-7.4\lib\gradle-launcher-7.4.jar
Launcher Type: SUN_STANDARD

[Global flags]
     intx CICompilerCount                          = 4                                         {product} {ergonomic}
     uint ConcGCThreads                            = 2                                         {product} {ergonomic}
     uint G1ConcRefinementThreads                  = 8                                         {product} {ergonomic}
   size_t G1HeapRegionSize                         = 1048576                                   {product} {ergonomic}
    uintx GCDrainStackTargetSize                   = 64                                        {product} {ergonomic}
   size_t InitialHeapSize                          = 132120576                                 {product} {ergonomic}
   size_t MarkStackSize                            = 4194304                                   {product} {ergonomic}
   size_t MaxHeapSize                              = 2147483648                                {product} {command line}
   size_t MaxNewSize                               = 1287651328                                {product} {ergonomic}
   size_t MinHeapDeltaBytes                        = 1048576                                   {product} {ergonomic}
    uintx NonNMethodCodeHeapSize                   = 5836300                                {pd product} {ergonomic}
    uintx NonProfiledCodeHeapSize                  = 122910970                              {pd product} {ergonomic}
    uintx ProfiledCodeHeapSize                     = 122910970                              {pd product} {ergonomic}
    uintx ReservedCodeCacheSize                    = 251658240                              {pd product} {ergonomic}
     bool SegmentedCodeCache                       = true                                      {product} {ergonomic}
     bool UseCompressedClassPointers               = true                                 {lp64_product} {ergonomic}
     bool UseCompressedOops                        = true                                 {lp64_product} {ergonomic}
     bool UseG1GC                                  = true                                      {product} {ergonomic}
     bool UseLargePagesIndividualAllocation        = false                                  {pd product} {ergonomic}

Logging:
Log output configuration:
 #0: stdout all=warning uptime,level,tags
 #1: stderr all=off uptime,level,tags

Environment Variables:
PATH=C:\Windows\system32;C:\Windows;C:\Windows\System32\Wbem;C:\Windows\System32\WindowsPowerShell\v1.0\;C:\Windows\System32\OpenSSH\;C:\Program Files\dotnet\;C:\Program Files\Git\cmd;C:\Program Files\Git;C:\Users\mtbed\AppData\Local\Microsoft\WindowsApps;
USERNAME=mtbed
OS=Windows_NT
PROCESSOR_IDENTIFIER=Intel64 Family 6 Model 142 Stepping 12, GenuineIntel



---------------  S Y S T E M  ---------------

OS: Windows 10 , 64 bit Build 19041 (10.0.19041.1889)
OS uptime: 2 days 8:49 hours

CPU:total 8 (initial active 8) (4 cores per cpu, 2 threads per core) family 6 model 142 stepping 12 microcode 0xea, cmov, cx8, fxsr, mmx, sse, sse2, sse3, ssse3, sse4.1, sse4.2, popcnt, avx, avx2, aes, clmul, erms, 3dnowpref, lzcnt, ht, tsc, tscinvbit, bmi1, bmi2, adx, fma

Memory: 4k page, system-wide physical 7974M (65M free)
TotalPageFile size 32550M (AvailPageFile size 8M)
current process WorkingSet (physical memory assigned to process): 52M, peak: 265M
current process commit charge ("private bytes"): 358M, peak: 375M

vm_info: OpenJDK 64-Bit Server VM (11.0.13+0-b1751.21-8125866) for windows-amd64 JRE (11.0.13+0-b1751.21-8125866), built on Feb  2 2022 03:00:22 by "builder" with MS VC++ 14.0 (VS2015)

END.
